<?xml version="1.0" encoding="UTF-8"?>
<robot generator="Robot 5.0.1 (Python 3.8.2 on win32)" generated="20221019 16:58:32.949" rpa="false" schemaversion="3">
<suite id="s1" name="Users Tests" source="C:\Users\paula.jardim\Testes_FakeStoreAPI\tests\users_tests.robot">
<kw name="Initialize Session" library="base" type="SETUP">
<kw name="Create Session" library="RequestsLibrary">
<arg>fakestore</arg>
<arg>${BASE_URI}</arg>
<doc>Create Session: create a HTTP session to a server</doc>
<msg timestamp="20221019 16:58:33.060" level="INFO">Creating Session using : alias=fakestore, url=https://fakestoreapi.com, headers={},                     cookies={}, auth=None, timeout=None, proxies=None, verify=False,                     debug=0 </msg>
<status status="PASS" starttime="20221019 16:58:33.059" endtime="20221019 16:58:33.060"/>
</kw>
<status status="PASS" starttime="20221019 16:58:33.059" endtime="20221019 16:58:33.060"/>
</kw>
<test id="s1-t1" name="Cenary: GET All Users 200" line="10">
<kw name="GET Endpoint" library="common">
<arg>/users</arg>
<kw name="GET On Session" library="RequestsLibrary">
<var>${response}</var>
<arg>fakestore</arg>
<arg>${endpoint}</arg>
<arg>expected_status=any</arg>
<doc>Sends a GET request on a previously created HTTP Session.</doc>
<msg timestamp="20221019 16:58:33.636" level="INFO">GET Request : url=https://fakestoreapi.com/users 
 path_url=/users 
 headers={'User-Agent': 'python-requests/2.28.1', 'Accept-Encoding': 'gzip, deflate', 'Accept': '*/*', 'Connection': 'keep-alive'} 
 body=None 
 </msg>
<msg timestamp="20221019 16:58:33.637" level="INFO">GET Response : url=https://fakestoreapi.com/users 
 status=200, reason=OK 
 headers={'Date': 'Wed, 19 Oct 2022 19:58:33 GMT', 'Content-Type': 'application/json; charset=utf-8', 'Transfer-Encoding': 'chunked', 'Connection': 'keep-alive', 'Access-Control-Allow-Origin': '*', 'Etag': 'W/"bae-Vi0JNVg0EAD6LcGk4v18ASK0bgA"', 'X-Powered-By': 'Express', 'CF-Cache-Status': 'DYNAMIC', 'Report-To': '{"endpoints":[{"url":"https:\\/\\/a.nel.cloudflare.com\\/report\\/v3?s=hpncyjBTUxg7J5YUS9Qrvvts9r90eC1%2BthX2O39vFk16NJDDpc7TyAgjDeO4ZUVsmRoRWKcmtT4FVQXkyW8stozffJsCkdCF16ZlGxLnr6IHyjXdsFLhVocs5Kv%2Ba15VnAmT"}],"group":"cf-nel","max_age":604800}', 'NEL': '{"success_fraction":0,"report_to":"cf-nel","max_age":604800}', 'Server': 'cloudflare', 'CF-RAY': '75cc16d19bb0a4e1-GRU', 'Content-Encoding': 'gzip', 'alt-svc': 'h3=":443"; ma=86400, h3-29=":443"; ma=86400'} 
 body=[{"address":{"geolocation":{"lat":"-37.3159","long":"81.1496"},"city":"kilcoole","street":"new road","number":7682,"zipcode":"12926-3874"},"id":1,"email":"john@gmail.com","username":"johnd","password":"m38rmF$","name":{"firstname":"john","lastname":"doe"},"phone":"1-570-236-7033","__v":0},{"address":{"geolocation":{"lat":"-37.3159","long":"81.1496"},"city":"kilcoole","street":"Lovers Ln","number":7267,"zipcode":"12926-3874"},"id":2,"email":"morrison@gmail.com","username":"mor_2314","password":"83r5^_","name":{"firstname":"david","lastname":"morrison"},"phone":"1-570-236-7033","__v":0},{"address":{"geolocation":{"lat":"40.3467","long":"-30.1310"},"city":"Cullman","street":"Frances Ct","number":86,"zipcode":"29567-1452"},"id":3,"email":"kevin@gmail.com","username":"kevinryan","password":"kev02937@","name":{"firstname":"kevin","lastname":"ryan"},"phone":"1-567-094-1345","__v":0},{"address":{"geolocation":{"lat":"50.3467","long":"-20.1310"},"city":"San Antonio","street":"Hunters Creek Dr","number":6454,"zipcode":"98234-1734"},"id":4,"email":"don@gmail.com","username":"donero","password":"ewedon","name":{"firstname":"don","lastname":"romer"},"phone":"1-765-789-6734","__v":0},{"address":{"geolocation":{"lat":"40.3467","long":"-40.1310"},"city":"san Antonio","street":"adams St","number":245,"zipcode":"80796-1234"},"id":5,"email":"derek@gmail.com","username":"derek","password":"jklg*_56","name":{"firstname":"derek","lastname":"powell"},"phone":"1-956-001-1945","__v":0},{"address":{"geolocation":{"lat":"20.1677","long":"-10.6789"},"city":"el paso","street":"prospect st","number":124,"zipcode":"12346-0456"},"id":6,"email":"david_r@gmail.com","username":"david_r","password":"3478*#54","name":{"firstname":"david","lastname":"russell"},"phone":"1-678-345-9856","__v":0},{"address":{"geolocation":{"lat":"10.3456","long":"20.6419"},"city":"fresno","street":"saddle st","number":1342,"zipcode":"96378-0245"},"id":7,"email":"miriam@gmail.com","username":"snyder","password":"f238&amp;@*$","name":{"firstname":"miriam","lastname":"snyder"},"phone":"1-123-943-0563","__v":0},{"address":{"geolocation":{"lat":"50.3456","long":"10.6419"},"city":"mesa","street":"vally view ln","number":1342,"zipcode":"96378-0245"},"id":8,"email":"william@gmail.com","username":"hopkins","password":"William56$hj","name":{"firstname":"william","lastname":"hopkins"},"phone":"1-478-001-0890","__v":0},{"address":{"geolocation":{"lat":"40.12456","long":"20.5419"},"city":"miami","street":"avondale ave","number":345,"zipcode":"96378-0245"},"id":9,"email":"kate@gmail.com","username":"kate_h","password":"kfejk@*_","name":{"firstname":"kate","lastname":"hale"},"phone":"1-678-456-1934","__v":0},{"address":{"geolocation":{"lat":"30.24788","long":"-20.545419"},"city":"fort wayne","street":"oak lawn ave","number":526,"zipcode":"10256-4532"},"id":10,"email":"jimmie@gmail.com","username":"jimmie_k","password":"klein*#%*","name":{"firstname":"jimmie","lastname":"klein"},"phone":"1-104-001-4567","__v":0}] 
 </msg>
<msg timestamp="20221019 16:58:33.637" level="INFO">${response} = &lt;Response [200]&gt;</msg>
<status status="PASS" starttime="20221019 16:58:33.061" endtime="20221019 16:58:33.637"/>
</kw>
<kw name="Set Global Variable" library="BuiltIn">
<arg>${response}</arg>
<doc>Makes a variable available globally in all tests and suites.</doc>
<msg timestamp="20221019 16:58:33.639" level="INFO">${response} = &lt;Response [200]&gt;</msg>
<status status="PASS" starttime="20221019 16:58:33.637" endtime="20221019 16:58:33.639"/>
</kw>
<status status="PASS" starttime="20221019 16:58:33.060" endtime="20221019 16:58:33.639"/>
</kw>
<kw name="Validate Status Code &quot;200&quot;" library="common" sourcename="Validate Status Code &quot;${statuscode}&quot;">
<kw name="Should Be True" library="BuiltIn">
<arg>${response.status_code} == ${statuscode}</arg>
<doc>Fails if the given condition is not true.</doc>
<status status="PASS" starttime="20221019 16:58:33.640" endtime="20221019 16:58:33.642"/>
</kw>
<kw name="Log To Console" library="BuiltIn">
<arg>Status Code: ${response.status_code}\n</arg>
<doc>Logs the given message to the console.</doc>
<status status="PASS" starttime="20221019 16:58:33.642" endtime="20221019 16:58:33.644"/>
</kw>
<status status="PASS" starttime="20221019 16:58:33.640" endtime="20221019 16:58:33.644"/>
</kw>
<tag>GET200.1</tag>
<status status="PASS" starttime="20221019 16:58:33.060" endtime="20221019 16:58:33.645"/>
</test>
<test id="s1-t2" name="Cenary: GET Specific User 200" line="15">
<kw name="GET Id" library="common">
<arg>/users</arg>
<arg>1</arg>
<kw name="GET On Session" library="RequestsLibrary">
<var>${response}</var>
<arg>fakestore</arg>
<arg>${endpoint}/${id}</arg>
<arg>expected_status=any</arg>
<doc>Sends a GET request on a previously created HTTP Session.</doc>
<msg timestamp="20221019 16:58:34.129" level="INFO">GET Request : url=https://fakestoreapi.com/users/1 
 path_url=/users/1 
 headers={'User-Agent': 'python-requests/2.28.1', 'Accept-Encoding': 'gzip, deflate', 'Accept': '*/*', 'Connection': 'keep-alive'} 
 body=None 
 </msg>
<msg timestamp="20221019 16:58:34.129" level="INFO">GET Response : url=https://fakestoreapi.com/users/1 
 status=200, reason=OK 
 headers={'Date': 'Wed, 19 Oct 2022 19:58:34 GMT', 'Content-Type': 'application/json; charset=utf-8', 'Transfer-Encoding': 'chunked', 'Connection': 'keep-alive', 'Access-Control-Allow-Origin': '*', 'Etag': 'W/"120-HNMhv14aQeBJetA9fBvavCZ+gdk"', 'X-Powered-By': 'Express', 'CF-Cache-Status': 'DYNAMIC', 'Report-To': '{"endpoints":[{"url":"https:\\/\\/a.nel.cloudflare.com\\/report\\/v3?s=SMcmIqPHKlzL%2FgzRqW209ryCApJciLPAHL2MB7k8YhIRIGGQV4j%2BPfZm7r2Cy17lGeEqj70D0b4rCNlbrWIkOxblNeCOezGJZcYn8jWF4XAE%2BIkhwLyyLx2HDEJ%2FArQhjtI9"}],"group":"cf-nel","max_age":604800}', 'NEL': '{"success_fraction":0,"report_to":"cf-nel","max_age":604800}', 'Server': 'cloudflare', 'CF-RAY': '75cc16d4ca88a4e1-GRU', 'Content-Encoding': 'gzip', 'alt-svc': 'h3=":443"; ma=86400, h3-29=":443"; ma=86400'} 
 body={"address":{"geolocation":{"lat":"-37.3159","long":"81.1496"},"city":"kilcoole","street":"new road","number":7682,"zipcode":"12926-3874"},"id":1,"email":"john@gmail.com","username":"johnd","password":"m38rmF$","name":{"firstname":"john","lastname":"doe"},"phone":"1-570-236-7033","__v":0} 
 </msg>
<msg timestamp="20221019 16:58:34.129" level="INFO">${response} = &lt;Response [200]&gt;</msg>
<status status="PASS" starttime="20221019 16:58:33.648" endtime="20221019 16:58:34.129"/>
</kw>
<kw name="Log To Console" library="BuiltIn">
<arg>\n\n${response.content}</arg>
<doc>Logs the given message to the console.</doc>
<status status="PASS" starttime="20221019 16:58:34.130" endtime="20221019 16:58:34.131"/>
</kw>
<kw name="Set Global Variable" library="BuiltIn">
<arg>${response}</arg>
<doc>Makes a variable available globally in all tests and suites.</doc>
<msg timestamp="20221019 16:58:34.131" level="INFO">${response} = &lt;Response [200]&gt;</msg>
<status status="PASS" starttime="20221019 16:58:34.131" endtime="20221019 16:58:34.131"/>
</kw>
<status status="PASS" starttime="20221019 16:58:33.647" endtime="20221019 16:58:34.132"/>
</kw>
<kw name="Validate Status Code &quot;200&quot;" library="common" sourcename="Validate Status Code &quot;${statuscode}&quot;">
<kw name="Should Be True" library="BuiltIn">
<arg>${response.status_code} == ${statuscode}</arg>
<doc>Fails if the given condition is not true.</doc>
<status status="PASS" starttime="20221019 16:58:34.133" endtime="20221019 16:58:34.135"/>
</kw>
<kw name="Log To Console" library="BuiltIn">
<arg>Status Code: ${response.status_code}\n</arg>
<doc>Logs the given message to the console.</doc>
<status status="PASS" starttime="20221019 16:58:34.135" endtime="20221019 16:58:34.136"/>
</kw>
<status status="PASS" starttime="20221019 16:58:34.133" endtime="20221019 16:58:34.136"/>
</kw>
<tag>GET200.2</tag>
<status status="PASS" starttime="20221019 16:58:33.647" endtime="20221019 16:58:34.137"/>
</test>
<test id="s1-t3" name="Cenary: GET Invalid User 404" line="20">
<kw name="GET Id" library="common">
<arg>/users</arg>
<arg>157</arg>
<kw name="GET On Session" library="RequestsLibrary">
<var>${response}</var>
<arg>fakestore</arg>
<arg>${endpoint}/${id}</arg>
<arg>expected_status=any</arg>
<doc>Sends a GET request on a previously created HTTP Session.</doc>
<msg timestamp="20221019 16:58:34.729" level="INFO">GET Request : url=https://fakestoreapi.com/users/157 
 path_url=/users/157 
 headers={'User-Agent': 'python-requests/2.28.1', 'Accept-Encoding': 'gzip, deflate', 'Accept': '*/*', 'Connection': 'keep-alive'} 
 body=None 
 </msg>
<msg timestamp="20221019 16:58:34.729" level="INFO">GET Response : url=https://fakestoreapi.com/users/157 
 status=200, reason=OK 
 headers={'Date': 'Wed, 19 Oct 2022 19:58:34 GMT', 'Content-Type': 'application/json; charset=utf-8', 'Content-Length': '4', 'Connection': 'keep-alive', 'Access-Control-Allow-Origin': '*', 'Etag': 'W/"4-K+iMpCQsduglOsYkdIUQZQMtaDM"', 'X-Powered-By': 'Express', 'CF-Cache-Status': 'DYNAMIC', 'Report-To': '{"endpoints":[{"url":"https:\\/\\/a.nel.cloudflare.com\\/report\\/v3?s=ySKQWi0bbeU%2FjFtM8or1I2D9PRdnWKEMSd4gZ%2FPHXsbwNsNaFJrtZ0JL471qeD4XRhmWCrNqVzDBMKgiSn%2FIrxGqMsDCFezfzIPVfvaBqjmWomagq%2B3S1c%2ByRlBcoApkswQm"}],"group":"cf-nel","max_age":604800}', 'NEL': '{"success_fraction":0,"report_to":"cf-nel","max_age":604800}', 'Server': 'cloudflare', 'CF-RAY': '75cc16d7e987a4e1-GRU', 'alt-svc': 'h3=":443"; ma=86400, h3-29=":443"; ma=86400'} 
 body=null 
 </msg>
<msg timestamp="20221019 16:58:34.729" level="INFO">${response} = &lt;Response [200]&gt;</msg>
<status status="PASS" starttime="20221019 16:58:34.140" endtime="20221019 16:58:34.729"/>
</kw>
<kw name="Log To Console" library="BuiltIn">
<arg>\n\n${response.content}</arg>
<doc>Logs the given message to the console.</doc>
<status status="PASS" starttime="20221019 16:58:34.730" endtime="20221019 16:58:34.732"/>
</kw>
<kw name="Set Global Variable" library="BuiltIn">
<arg>${response}</arg>
<doc>Makes a variable available globally in all tests and suites.</doc>
<msg timestamp="20221019 16:58:34.733" level="INFO">${response} = &lt;Response [200]&gt;</msg>
<status status="PASS" starttime="20221019 16:58:34.732" endtime="20221019 16:58:34.733"/>
</kw>
<status status="PASS" starttime="20221019 16:58:34.140" endtime="20221019 16:58:34.733"/>
</kw>
<kw name="Validate Status Code &quot;404&quot;" library="common" sourcename="Validate Status Code &quot;${statuscode}&quot;">
<kw name="Should Be True" library="BuiltIn">
<arg>${response.status_code} == ${statuscode}</arg>
<doc>Fails if the given condition is not true.</doc>
<msg timestamp="20221019 16:58:34.735" level="FAIL">'200 == 404' should be true.</msg>
<status status="FAIL" starttime="20221019 16:58:34.734" endtime="20221019 16:58:34.735"/>
</kw>
<kw name="Log To Console" library="BuiltIn">
<arg>Status Code: ${response.status_code}\n</arg>
<doc>Logs the given message to the console.</doc>
<status status="NOT RUN" starttime="20221019 16:58:34.735" endtime="20221019 16:58:34.735"/>
</kw>
<status status="FAIL" starttime="20221019 16:58:34.734" endtime="20221019 16:58:34.736"/>
</kw>
<tag>GET404.1</tag>
<status status="FAIL" starttime="20221019 16:58:34.139" endtime="20221019 16:58:34.736">'200 == 404' should be true.</status>
</test>
<test id="s1-t4" name="Cenary: GET Limited Quantity Of Users 200" line="25">
<kw name="GET Quantity" library="common">
<arg>/users</arg>
<arg>5</arg>
<kw name="GET On Session" library="RequestsLibrary">
<var>${response}</var>
<arg>fakestore</arg>
<arg>url=${endpoint}?limit=${quantity}</arg>
<arg>expected_status=any</arg>
<doc>Sends a GET request on a previously created HTTP Session.</doc>
<msg timestamp="20221019 16:58:35.231" level="INFO">GET Request : url=https://fakestoreapi.com/users?limit=5 
 path_url=/users?limit=5 
 headers={'User-Agent': 'python-requests/2.28.1', 'Accept-Encoding': 'gzip, deflate', 'Accept': '*/*', 'Connection': 'keep-alive'} 
 body=None 
 </msg>
<msg timestamp="20221019 16:58:35.231" level="INFO">GET Response : url=https://fakestoreapi.com/users?limit=5 
 status=200, reason=OK 
 headers={'Date': 'Wed, 19 Oct 2022 19:58:35 GMT', 'Content-Type': 'application/json; charset=utf-8', 'Transfer-Encoding': 'chunked', 'Connection': 'keep-alive', 'Access-Control-Allow-Origin': '*', 'Etag': 'W/"5ce-+0GJhAfCK2NBgUwTph+dnA6PeEY"', 'X-Powered-By': 'Express', 'CF-Cache-Status': 'DYNAMIC', 'Report-To': '{"endpoints":[{"url":"https:\\/\\/a.nel.cloudflare.com\\/report\\/v3?s=F1g2%2B6WhgSXJOzpeJneW7TVwBruGA4NDVHWyuXGrfIF8g1UPGkYnVND4Gce0KGNxoj7HrFsNlR4MmrO4vLn43CeoXCCkW2KxKSVcPmDla0GP3nuyPLFR%2FOP7oIMzgmsiUPML"}],"group":"cf-nel","max_age":604800}', 'NEL': '{"success_fraction":0,"report_to":"cf-nel","max_age":604800}', 'Server': 'cloudflare', 'CF-RAY': '75cc16db99a0a4e1-GRU', 'Content-Encoding': 'gzip', 'alt-svc': 'h3=":443"; ma=86400, h3-29=":443"; ma=86400'} 
 body=[{"address":{"geolocation":{"lat":"-37.3159","long":"81.1496"},"city":"kilcoole","street":"new road","number":7682,"zipcode":"12926-3874"},"id":1,"email":"john@gmail.com","username":"johnd","password":"m38rmF$","name":{"firstname":"john","lastname":"doe"},"phone":"1-570-236-7033","__v":0},{"address":{"geolocation":{"lat":"-37.3159","long":"81.1496"},"city":"kilcoole","street":"Lovers Ln","number":7267,"zipcode":"12926-3874"},"id":2,"email":"morrison@gmail.com","username":"mor_2314","password":"83r5^_","name":{"firstname":"david","lastname":"morrison"},"phone":"1-570-236-7033","__v":0},{"address":{"geolocation":{"lat":"40.3467","long":"-30.1310"},"city":"Cullman","street":"Frances Ct","number":86,"zipcode":"29567-1452"},"id":3,"email":"kevin@gmail.com","username":"kevinryan","password":"kev02937@","name":{"firstname":"kevin","lastname":"ryan"},"phone":"1-567-094-1345","__v":0},{"address":{"geolocation":{"lat":"50.3467","long":"-20.1310"},"city":"San Antonio","street":"Hunters Creek Dr","number":6454,"zipcode":"98234-1734"},"id":4,"email":"don@gmail.com","username":"donero","password":"ewedon","name":{"firstname":"don","lastname":"romer"},"phone":"1-765-789-6734","__v":0},{"address":{"geolocation":{"lat":"40.3467","long":"-40.1310"},"city":"san Antonio","street":"adams St","number":245,"zipcode":"80796-1234"},"id":5,"email":"derek@gmail.com","username":"derek","password":"jklg*_56","name":{"firstname":"derek","lastname":"powell"},"phone":"1-956-001-1945","__v":0}] 
 </msg>
<msg timestamp="20221019 16:58:35.232" level="INFO">${response} = &lt;Response [200]&gt;</msg>
<status status="PASS" starttime="20221019 16:58:34.740" endtime="20221019 16:58:35.232"/>
</kw>
<kw name="Log To Console" library="BuiltIn">
<arg>\n\n${response.content}</arg>
<doc>Logs the given message to the console.</doc>
<status status="PASS" starttime="20221019 16:58:35.232" endtime="20221019 16:58:35.234"/>
</kw>
<kw name="Set Global Variable" library="BuiltIn">
<arg>${response}</arg>
<doc>Makes a variable available globally in all tests and suites.</doc>
<msg timestamp="20221019 16:58:35.235" level="INFO">${response} = &lt;Response [200]&gt;</msg>
<status status="PASS" starttime="20221019 16:58:35.234" endtime="20221019 16:58:35.235"/>
</kw>
<status status="PASS" starttime="20221019 16:58:34.739" endtime="20221019 16:58:35.235"/>
</kw>
<kw name="Validate Status Code &quot;200&quot;" library="common" sourcename="Validate Status Code &quot;${statuscode}&quot;">
<kw name="Should Be True" library="BuiltIn">
<arg>${response.status_code} == ${statuscode}</arg>
<doc>Fails if the given condition is not true.</doc>
<status status="PASS" starttime="20221019 16:58:35.239" endtime="20221019 16:58:35.241"/>
</kw>
<kw name="Log To Console" library="BuiltIn">
<arg>Status Code: ${response.status_code}\n</arg>
<doc>Logs the given message to the console.</doc>
<status status="PASS" starttime="20221019 16:58:35.241" endtime="20221019 16:58:35.242"/>
</kw>
<status status="PASS" starttime="20221019 16:58:35.239" endtime="20221019 16:58:35.243"/>
</kw>
<tag>GET200.3</tag>
<status status="PASS" starttime="20221019 16:58:34.738" endtime="20221019 16:58:35.243"/>
</test>
<test id="s1-t5" name="Cenary: GET Out-Of-Range Quantity Of Users 404" line="30">
<kw name="GET Quantity" library="common">
<arg>/users</arg>
<arg>292</arg>
<kw name="GET On Session" library="RequestsLibrary">
<var>${response}</var>
<arg>fakestore</arg>
<arg>url=${endpoint}?limit=${quantity}</arg>
<arg>expected_status=any</arg>
<doc>Sends a GET request on a previously created HTTP Session.</doc>
<msg timestamp="20221019 16:58:35.740" level="INFO">GET Request : url=https://fakestoreapi.com/users?limit=292 
 path_url=/users?limit=292 
 headers={'User-Agent': 'python-requests/2.28.1', 'Accept-Encoding': 'gzip, deflate', 'Accept': '*/*', 'Connection': 'keep-alive'} 
 body=None 
 </msg>
<msg timestamp="20221019 16:58:35.740" level="INFO">GET Response : url=https://fakestoreapi.com/users?limit=292 
 status=200, reason=OK 
 headers={'Date': 'Wed, 19 Oct 2022 19:58:35 GMT', 'Content-Type': 'application/json; charset=utf-8', 'Transfer-Encoding': 'chunked', 'Connection': 'keep-alive', 'Access-Control-Allow-Origin': '*', 'Etag': 'W/"bae-Vi0JNVg0EAD6LcGk4v18ASK0bgA"', 'X-Powered-By': 'Express', 'CF-Cache-Status': 'DYNAMIC', 'Report-To': '{"endpoints":[{"url":"https:\\/\\/a.nel.cloudflare.com\\/report\\/v3?s=YuXrLwBUmoYxG1VTJT9UfZBAJBEXDV9E71Eab13MeQwWZexi9%2BPfvhnjjASvZdz6DiwhIEajyf7gIJoDT28ZxlUMNW7IaH3oSvWHDng1GCkcpYNNRJ2aIY5E2WQxsGntcGXL"}],"group":"cf-nel","max_age":604800}', 'NEL': '{"success_fraction":0,"report_to":"cf-nel","max_age":604800}', 'Server': 'cloudflare', 'CF-RAY': '75cc16dec938a4e1-GRU', 'Content-Encoding': 'gzip', 'alt-svc': 'h3=":443"; ma=86400, h3-29=":443"; ma=86400'} 
 body=[{"address":{"geolocation":{"lat":"-37.3159","long":"81.1496"},"city":"kilcoole","street":"new road","number":7682,"zipcode":"12926-3874"},"id":1,"email":"john@gmail.com","username":"johnd","password":"m38rmF$","name":{"firstname":"john","lastname":"doe"},"phone":"1-570-236-7033","__v":0},{"address":{"geolocation":{"lat":"-37.3159","long":"81.1496"},"city":"kilcoole","street":"Lovers Ln","number":7267,"zipcode":"12926-3874"},"id":2,"email":"morrison@gmail.com","username":"mor_2314","password":"83r5^_","name":{"firstname":"david","lastname":"morrison"},"phone":"1-570-236-7033","__v":0},{"address":{"geolocation":{"lat":"40.3467","long":"-30.1310"},"city":"Cullman","street":"Frances Ct","number":86,"zipcode":"29567-1452"},"id":3,"email":"kevin@gmail.com","username":"kevinryan","password":"kev02937@","name":{"firstname":"kevin","lastname":"ryan"},"phone":"1-567-094-1345","__v":0},{"address":{"geolocation":{"lat":"50.3467","long":"-20.1310"},"city":"San Antonio","street":"Hunters Creek Dr","number":6454,"zipcode":"98234-1734"},"id":4,"email":"don@gmail.com","username":"donero","password":"ewedon","name":{"firstname":"don","lastname":"romer"},"phone":"1-765-789-6734","__v":0},{"address":{"geolocation":{"lat":"40.3467","long":"-40.1310"},"city":"san Antonio","street":"adams St","number":245,"zipcode":"80796-1234"},"id":5,"email":"derek@gmail.com","username":"derek","password":"jklg*_56","name":{"firstname":"derek","lastname":"powell"},"phone":"1-956-001-1945","__v":0},{"address":{"geolocation":{"lat":"20.1677","long":"-10.6789"},"city":"el paso","street":"prospect st","number":124,"zipcode":"12346-0456"},"id":6,"email":"david_r@gmail.com","username":"david_r","password":"3478*#54","name":{"firstname":"david","lastname":"russell"},"phone":"1-678-345-9856","__v":0},{"address":{"geolocation":{"lat":"10.3456","long":"20.6419"},"city":"fresno","street":"saddle st","number":1342,"zipcode":"96378-0245"},"id":7,"email":"miriam@gmail.com","username":"snyder","password":"f238&amp;@*$","name":{"firstname":"miriam","lastname":"snyder"},"phone":"1-123-943-0563","__v":0},{"address":{"geolocation":{"lat":"50.3456","long":"10.6419"},"city":"mesa","street":"vally view ln","number":1342,"zipcode":"96378-0245"},"id":8,"email":"william@gmail.com","username":"hopkins","password":"William56$hj","name":{"firstname":"william","lastname":"hopkins"},"phone":"1-478-001-0890","__v":0},{"address":{"geolocation":{"lat":"40.12456","long":"20.5419"},"city":"miami","street":"avondale ave","number":345,"zipcode":"96378-0245"},"id":9,"email":"kate@gmail.com","username":"kate_h","password":"kfejk@*_","name":{"firstname":"kate","lastname":"hale"},"phone":"1-678-456-1934","__v":0},{"address":{"geolocation":{"lat":"30.24788","long":"-20.545419"},"city":"fort wayne","street":"oak lawn ave","number":526,"zipcode":"10256-4532"},"id":10,"email":"jimmie@gmail.com","username":"jimmie_k","password":"klein*#%*","name":{"firstname":"jimmie","lastname":"klein"},"phone":"1-104-001-4567","__v":0}] 
 </msg>
<msg timestamp="20221019 16:58:35.741" level="INFO">${response} = &lt;Response [200]&gt;</msg>
<status status="PASS" starttime="20221019 16:58:35.245" endtime="20221019 16:58:35.741"/>
</kw>
<kw name="Log To Console" library="BuiltIn">
<arg>\n\n${response.content}</arg>
<doc>Logs the given message to the console.</doc>
<status status="PASS" starttime="20221019 16:58:35.741" endtime="20221019 16:58:35.743"/>
</kw>
<kw name="Set Global Variable" library="BuiltIn">
<arg>${response}</arg>
<doc>Makes a variable available globally in all tests and suites.</doc>
<msg timestamp="20221019 16:58:35.744" level="INFO">${response} = &lt;Response [200]&gt;</msg>
<status status="PASS" starttime="20221019 16:58:35.743" endtime="20221019 16:58:35.744"/>
</kw>
<status status="PASS" starttime="20221019 16:58:35.245" endtime="20221019 16:58:35.744"/>
</kw>
<kw name="Validate Status Code &quot;404&quot;" library="common" sourcename="Validate Status Code &quot;${statuscode}&quot;">
<kw name="Should Be True" library="BuiltIn">
<arg>${response.status_code} == ${statuscode}</arg>
<doc>Fails if the given condition is not true.</doc>
<msg timestamp="20221019 16:58:35.753" level="FAIL">'200 == 404' should be true.</msg>
<status status="FAIL" starttime="20221019 16:58:35.751" endtime="20221019 16:58:35.753"/>
</kw>
<kw name="Log To Console" library="BuiltIn">
<arg>Status Code: ${response.status_code}\n</arg>
<doc>Logs the given message to the console.</doc>
<status status="NOT RUN" starttime="20221019 16:58:35.753" endtime="20221019 16:58:35.753"/>
</kw>
<status status="FAIL" starttime="20221019 16:58:35.749" endtime="20221019 16:58:35.754"/>
</kw>
<tag>GET404.2</tag>
<status status="FAIL" starttime="20221019 16:58:35.245" endtime="20221019 16:58:35.755">'200 == 404' should be true.</status>
</test>
<test id="s1-t6" name="Cenary: GET Sort Users 200" line="35">
<kw name="GET Sort" library="common">
<arg>/users</arg>
<kw name="GET On Session" library="RequestsLibrary">
<var>${response}</var>
<arg>fakestore</arg>
<arg>url=${endpoint}?sort=desc</arg>
<arg>expected_status=any</arg>
<doc>Sends a GET request on a previously created HTTP Session.</doc>
<msg timestamp="20221019 16:58:36.259" level="INFO">GET Request : url=https://fakestoreapi.com/users?sort=desc 
 path_url=/users?sort=desc 
 headers={'User-Agent': 'python-requests/2.28.1', 'Accept-Encoding': 'gzip, deflate', 'Accept': '*/*', 'Connection': 'keep-alive'} 
 body=None 
 </msg>
<msg timestamp="20221019 16:58:36.259" level="INFO">GET Response : url=https://fakestoreapi.com/users?sort=desc 
 status=200, reason=OK 
 headers={'Date': 'Wed, 19 Oct 2022 19:58:36 GMT', 'Content-Type': 'application/json; charset=utf-8', 'Transfer-Encoding': 'chunked', 'Connection': 'keep-alive', 'Access-Control-Allow-Origin': '*', 'Etag': 'W/"bae-RmXgfZyGPwU9Dh6EKhIQkuNoVzY"', 'X-Powered-By': 'Express', 'CF-Cache-Status': 'DYNAMIC', 'Report-To': '{"endpoints":[{"url":"https:\\/\\/a.nel.cloudflare.com\\/report\\/v3?s=yWnv2jQpsfggVbS0DeY31Od2bQPgh7MdSTmtgQ4DURYDRq3I6Qfz%2F0HPgRxLnhVzbrzZsREr33wMhXNCn3Kgey8%2B3eYLx9rZv3fLoSFG1h%2Bn7ZYAYnJSUU%2Fp6FU3kwL%2FDal0"}],"group":"cf-nel","max_age":604800}', 'NEL': '{"success_fraction":0,"report_to":"cf-nel","max_age":604800}', 'Server': 'cloudflare', 'CF-RAY': '75cc16e1f8e5a4e1-GRU', 'Content-Encoding': 'gzip', 'alt-svc': 'h3=":443"; ma=86400, h3-29=":443"; ma=86400'} 
 body=[{"address":{"geolocation":{"lat":"30.24788","long":"-20.545419"},"city":"fort wayne","street":"oak lawn ave","number":526,"zipcode":"10256-4532"},"id":10,"email":"jimmie@gmail.com","username":"jimmie_k","password":"klein*#%*","name":{"firstname":"jimmie","lastname":"klein"},"phone":"1-104-001-4567","__v":0},{"address":{"geolocation":{"lat":"40.12456","long":"20.5419"},"city":"miami","street":"avondale ave","number":345,"zipcode":"96378-0245"},"id":9,"email":"kate@gmail.com","username":"kate_h","password":"kfejk@*_","name":{"firstname":"kate","lastname":"hale"},"phone":"1-678-456-1934","__v":0},{"address":{"geolocation":{"lat":"50.3456","long":"10.6419"},"city":"mesa","street":"vally view ln","number":1342,"zipcode":"96378-0245"},"id":8,"email":"william@gmail.com","username":"hopkins","password":"William56$hj","name":{"firstname":"william","lastname":"hopkins"},"phone":"1-478-001-0890","__v":0},{"address":{"geolocation":{"lat":"10.3456","long":"20.6419"},"city":"fresno","street":"saddle st","number":1342,"zipcode":"96378-0245"},"id":7,"email":"miriam@gmail.com","username":"snyder","password":"f238&amp;@*$","name":{"firstname":"miriam","lastname":"snyder"},"phone":"1-123-943-0563","__v":0},{"address":{"geolocation":{"lat":"20.1677","long":"-10.6789"},"city":"el paso","street":"prospect st","number":124,"zipcode":"12346-0456"},"id":6,"email":"david_r@gmail.com","username":"david_r","password":"3478*#54","name":{"firstname":"david","lastname":"russell"},"phone":"1-678-345-9856","__v":0},{"address":{"geolocation":{"lat":"40.3467","long":"-40.1310"},"city":"san Antonio","street":"adams St","number":245,"zipcode":"80796-1234"},"id":5,"email":"derek@gmail.com","username":"derek","password":"jklg*_56","name":{"firstname":"derek","lastname":"powell"},"phone":"1-956-001-1945","__v":0},{"address":{"geolocation":{"lat":"50.3467","long":"-20.1310"},"city":"San Antonio","street":"Hunters Creek Dr","number":6454,"zipcode":"98234-1734"},"id":4,"email":"don@gmail.com","username":"donero","password":"ewedon","name":{"firstname":"don","lastname":"romer"},"phone":"1-765-789-6734","__v":0},{"address":{"geolocation":{"lat":"40.3467","long":"-30.1310"},"city":"Cullman","street":"Frances Ct","number":86,"zipcode":"29567-1452"},"id":3,"email":"kevin@gmail.com","username":"kevinryan","password":"kev02937@","name":{"firstname":"kevin","lastname":"ryan"},"phone":"1-567-094-1345","__v":0},{"address":{"geolocation":{"lat":"-37.3159","long":"81.1496"},"city":"kilcoole","street":"Lovers Ln","number":7267,"zipcode":"12926-3874"},"id":2,"email":"morrison@gmail.com","username":"mor_2314","password":"83r5^_","name":{"firstname":"david","lastname":"morrison"},"phone":"1-570-236-7033","__v":0},{"address":{"geolocation":{"lat":"-37.3159","long":"81.1496"},"city":"kilcoole","street":"new road","number":7682,"zipcode":"12926-3874"},"id":1,"email":"john@gmail.com","username":"johnd","password":"m38rmF$","name":{"firstname":"john","lastname":"doe"},"phone":"1-570-236-7033","__v":0}] 
 </msg>
<msg timestamp="20221019 16:58:36.259" level="INFO">${response} = &lt;Response [200]&gt;</msg>
<status status="PASS" starttime="20221019 16:58:35.758" endtime="20221019 16:58:36.259"/>
</kw>
<kw name="Set Global Variable" library="BuiltIn">
<arg>${response}</arg>
<doc>Makes a variable available globally in all tests and suites.</doc>
<msg timestamp="20221019 16:58:36.260" level="INFO">${response} = &lt;Response [200]&gt;</msg>
<status status="PASS" starttime="20221019 16:58:36.259" endtime="20221019 16:58:36.260"/>
</kw>
<status status="PASS" starttime="20221019 16:58:35.758" endtime="20221019 16:58:36.260"/>
</kw>
<kw name="Validate Status Code &quot;200&quot;" library="common" sourcename="Validate Status Code &quot;${statuscode}&quot;">
<kw name="Should Be True" library="BuiltIn">
<arg>${response.status_code} == ${statuscode}</arg>
<doc>Fails if the given condition is not true.</doc>
<status status="PASS" starttime="20221019 16:58:36.261" endtime="20221019 16:58:36.261"/>
</kw>
<kw name="Log To Console" library="BuiltIn">
<arg>Status Code: ${response.status_code}\n</arg>
<doc>Logs the given message to the console.</doc>
<status status="PASS" starttime="20221019 16:58:36.261" endtime="20221019 16:58:36.262"/>
</kw>
<status status="PASS" starttime="20221019 16:58:36.261" endtime="20221019 16:58:36.262"/>
</kw>
<tag>GET200.4</tag>
<status status="PASS" starttime="20221019 16:58:35.757" endtime="20221019 16:58:36.264"/>
</test>
<test id="s1-t7" name="Cenary: GET Users Invalid Sort 404" line="40">
<kw name="GET Invalid Sort" library="common">
<arg>/users</arg>
<kw name="GET On Session" library="RequestsLibrary">
<var>${response}</var>
<arg>fakestore</arg>
<arg>url=${endpoint}?sort=invalid</arg>
<arg>expected_status=any</arg>
<doc>Sends a GET request on a previously created HTTP Session.</doc>
<msg timestamp="20221019 16:58:36.758" level="INFO">GET Request : url=https://fakestoreapi.com/users?sort=invalid 
 path_url=/users?sort=invalid 
 headers={'User-Agent': 'python-requests/2.28.1', 'Accept-Encoding': 'gzip, deflate', 'Accept': '*/*', 'Connection': 'keep-alive'} 
 body=None 
 </msg>
<msg timestamp="20221019 16:58:36.758" level="INFO">GET Response : url=https://fakestoreapi.com/users?sort=invalid 
 status=200, reason=OK 
 headers={'Date': 'Wed, 19 Oct 2022 19:58:36 GMT', 'Content-Type': 'application/json; charset=utf-8', 'Transfer-Encoding': 'chunked', 'Connection': 'keep-alive', 'Access-Control-Allow-Origin': '*', 'Etag': 'W/"bae-Vi0JNVg0EAD6LcGk4v18ASK0bgA"', 'X-Powered-By': 'Express', 'CF-Cache-Status': 'DYNAMIC', 'Report-To': '{"endpoints":[{"url":"https:\\/\\/a.nel.cloudflare.com\\/report\\/v3?s=OJ4LOCmMdXL8QbtnbFhsMje3gOlxlR%2FI%2FylJ%2BdtdfNLp19rZeOwon6CGTG7krHW661FW81OY%2FrY1gnWcSGUhs2WyUAuyJFtIifhRLdn%2BvClS%2FIZiX%2FyYIzbmSHlOuUJrxJri"}],"group":"cf-nel","max_age":604800}', 'NEL': '{"success_fraction":0,"report_to":"cf-nel","max_age":604800}', 'Server': 'cloudflare', 'CF-RAY': '75cc16e52865a4e1-GRU', 'Content-Encoding': 'gzip', 'alt-svc': 'h3=":443"; ma=86400, h3-29=":443"; ma=86400'} 
 body=[{"address":{"geolocation":{"lat":"-37.3159","long":"81.1496"},"city":"kilcoole","street":"new road","number":7682,"zipcode":"12926-3874"},"id":1,"email":"john@gmail.com","username":"johnd","password":"m38rmF$","name":{"firstname":"john","lastname":"doe"},"phone":"1-570-236-7033","__v":0},{"address":{"geolocation":{"lat":"-37.3159","long":"81.1496"},"city":"kilcoole","street":"Lovers Ln","number":7267,"zipcode":"12926-3874"},"id":2,"email":"morrison@gmail.com","username":"mor_2314","password":"83r5^_","name":{"firstname":"david","lastname":"morrison"},"phone":"1-570-236-7033","__v":0},{"address":{"geolocation":{"lat":"40.3467","long":"-30.1310"},"city":"Cullman","street":"Frances Ct","number":86,"zipcode":"29567-1452"},"id":3,"email":"kevin@gmail.com","username":"kevinryan","password":"kev02937@","name":{"firstname":"kevin","lastname":"ryan"},"phone":"1-567-094-1345","__v":0},{"address":{"geolocation":{"lat":"50.3467","long":"-20.1310"},"city":"San Antonio","street":"Hunters Creek Dr","number":6454,"zipcode":"98234-1734"},"id":4,"email":"don@gmail.com","username":"donero","password":"ewedon","name":{"firstname":"don","lastname":"romer"},"phone":"1-765-789-6734","__v":0},{"address":{"geolocation":{"lat":"40.3467","long":"-40.1310"},"city":"san Antonio","street":"adams St","number":245,"zipcode":"80796-1234"},"id":5,"email":"derek@gmail.com","username":"derek","password":"jklg*_56","name":{"firstname":"derek","lastname":"powell"},"phone":"1-956-001-1945","__v":0},{"address":{"geolocation":{"lat":"20.1677","long":"-10.6789"},"city":"el paso","street":"prospect st","number":124,"zipcode":"12346-0456"},"id":6,"email":"david_r@gmail.com","username":"david_r","password":"3478*#54","name":{"firstname":"david","lastname":"russell"},"phone":"1-678-345-9856","__v":0},{"address":{"geolocation":{"lat":"10.3456","long":"20.6419"},"city":"fresno","street":"saddle st","number":1342,"zipcode":"96378-0245"},"id":7,"email":"miriam@gmail.com","username":"snyder","password":"f238&amp;@*$","name":{"firstname":"miriam","lastname":"snyder"},"phone":"1-123-943-0563","__v":0},{"address":{"geolocation":{"lat":"50.3456","long":"10.6419"},"city":"mesa","street":"vally view ln","number":1342,"zipcode":"96378-0245"},"id":8,"email":"william@gmail.com","username":"hopkins","password":"William56$hj","name":{"firstname":"william","lastname":"hopkins"},"phone":"1-478-001-0890","__v":0},{"address":{"geolocation":{"lat":"40.12456","long":"20.5419"},"city":"miami","street":"avondale ave","number":345,"zipcode":"96378-0245"},"id":9,"email":"kate@gmail.com","username":"kate_h","password":"kfejk@*_","name":{"firstname":"kate","lastname":"hale"},"phone":"1-678-456-1934","__v":0},{"address":{"geolocation":{"lat":"30.24788","long":"-20.545419"},"city":"fort wayne","street":"oak lawn ave","number":526,"zipcode":"10256-4532"},"id":10,"email":"jimmie@gmail.com","username":"jimmie_k","password":"klein*#%*","name":{"firstname":"jimmie","lastname":"klein"},"phone":"1-104-001-4567","__v":0}] 
 </msg>
<msg timestamp="20221019 16:58:36.759" level="INFO">${response} = &lt;Response [200]&gt;</msg>
<status status="PASS" starttime="20221019 16:58:36.266" endtime="20221019 16:58:36.759"/>
</kw>
<kw name="Set Global Variable" library="BuiltIn">
<arg>${response}</arg>
<doc>Makes a variable available globally in all tests and suites.</doc>
<msg timestamp="20221019 16:58:36.760" level="INFO">${response} = &lt;Response [200]&gt;</msg>
<status status="PASS" starttime="20221019 16:58:36.759" endtime="20221019 16:58:36.760"/>
</kw>
<status status="PASS" starttime="20221019 16:58:36.265" endtime="20221019 16:58:36.761"/>
</kw>
<kw name="Validate Status Code &quot;404&quot;" library="common" sourcename="Validate Status Code &quot;${statuscode}&quot;">
<kw name="Should Be True" library="BuiltIn">
<arg>${response.status_code} == ${statuscode}</arg>
<doc>Fails if the given condition is not true.</doc>
<msg timestamp="20221019 16:58:36.762" level="FAIL">'200 == 404' should be true.</msg>
<status status="FAIL" starttime="20221019 16:58:36.761" endtime="20221019 16:58:36.762"/>
</kw>
<kw name="Log To Console" library="BuiltIn">
<arg>Status Code: ${response.status_code}\n</arg>
<doc>Logs the given message to the console.</doc>
<status status="NOT RUN" starttime="20221019 16:58:36.762" endtime="20221019 16:58:36.762"/>
</kw>
<status status="FAIL" starttime="20221019 16:58:36.761" endtime="20221019 16:58:36.762"/>
</kw>
<tag>GET404.2</tag>
<status status="FAIL" starttime="20221019 16:58:36.265" endtime="20221019 16:58:36.763">'200 == 404' should be true.</status>
</test>
<test id="s1-t8" name="Cenary: POST Add New User 201" line="47">
<kw name="Pick A Static User" library="users_keywords">
<arg>valid_user</arg>
<kw name="Import Estatic JSON" library="common">
<var>${json}</var>
<arg>users.json</arg>
<kw name="Get File" library="OperatingSystem">
<var>${file}</var>
<arg>${EXECDIR}/../support/fixtures/static/${file_name}</arg>
<doc>Returns the contents of a specified file.</doc>
<msg timestamp="20221019 16:58:36.766" level="INFO" html="true">Getting file '&lt;a href="file://C:\Users\paula.jardim\Testes_FakeStoreAPI\support\fixtures\static\users.json"&gt;C:\Users\paula.jardim\Testes_FakeStoreAPI\support\fixtures\static\users.json&lt;/a&gt;'.</msg>
<msg timestamp="20221019 16:58:36.767" level="INFO">${file} = {
    "valid_user":{
        "email":"newuser@gmail.com",
        "username":"NewUser123",
        "password":"123$abc",
        "name":{
            "firstname":"Test",
            "lastname":"User"
...</msg>
<status status="PASS" starttime="20221019 16:58:36.766" endtime="20221019 16:58:36.767"/>
</kw>
<kw name="Evaluate" library="BuiltIn">
<var>&amp;{data}</var>
<arg>json.loads('''${file}''')</arg>
<arg>json</arg>
<doc>Evaluates the given expression in Python and returns the result.</doc>
<msg timestamp="20221019 16:58:36.771" level="INFO">&amp;{data} = { valid_user={'email': 'newuser@gmail.com', 'username': 'NewUser123', 'password': '123$abc', 'name': {'firstname': 'Test', 'lastname': 'User'}, 'address': {'city': 'New York', 'street': 'Cornelia Stre...</msg>
<status status="PASS" starttime="20221019 16:58:36.767" endtime="20221019 16:58:36.771"/>
</kw>
<msg timestamp="20221019 16:58:36.771" level="INFO">${json} = {'valid_user': {'email': 'newuser@gmail.com', 'username': 'NewUser123', 'password': '123$abc', 'name': {'firstname': 'Test', 'lastname': 'User'}, 'address': {'city': 'New York', 'street': 'Cornelia St...</msg>
<status status="PASS" starttime="20221019 16:58:36.766" endtime="20221019 16:58:36.771"/>
</kw>
<kw name="Set Variable" library="BuiltIn">
<var>${payload}</var>
<arg>${json["${object}"]}</arg>
<doc>Returns the given values which can then be assigned to a variables.</doc>
<msg timestamp="20221019 16:58:36.771" level="INFO">${payload} = {'email': 'newuser@gmail.com', 'username': 'NewUser123', 'password': '123$abc', 'name': {'firstname': 'Test', 'lastname': 'User'}, 'address': {'city': 'New York', 'street': 'Cornelia Street', 'number'...</msg>
<status status="PASS" starttime="20221019 16:58:36.771" endtime="20221019 16:58:36.771"/>
</kw>
<kw name="Set Global Variable" library="BuiltIn">
<arg>${payload}</arg>
<doc>Makes a variable available globally in all tests and suites.</doc>
<msg timestamp="20221019 16:58:36.772" level="INFO">${payload} = {'email': 'newuser@gmail.com', 'username': 'NewUser123', 'password': '123$abc', 'name': {'firstname': 'Test', 'lastname': 'User'}, 'address': {'city': 'New York', 'street': 'Cornelia Street', 'number'...</msg>
<status status="PASS" starttime="20221019 16:58:36.771" endtime="20221019 16:58:36.772"/>
</kw>
<status status="PASS" starttime="20221019 16:58:36.766" endtime="20221019 16:58:36.772"/>
</kw>
<kw name="POST Endpoint /users" library="users_keywords">
<kw name="POST On Session" library="RequestsLibrary">
<var>${response}</var>
<arg>fakestore</arg>
<arg>/users</arg>
<arg>json=${payload}</arg>
<arg>expected_status=any</arg>
<doc>Sends a POST request on a previously created HTTP Session.</doc>
<msg timestamp="20221019 16:58:37.250" level="INFO">POST Request : url=https://fakestoreapi.com/users 
 path_url=/users 
 headers={'User-Agent': 'python-requests/2.28.1', 'Accept-Encoding': 'gzip, deflate', 'Accept': '*/*', 'Connection': 'keep-alive', 'Content-Length': '313', 'Content-Type': 'application/json'} 
 body=b'{"email": "newuser@gmail.com", "username": "NewUser123", "password": "123$abc", "name": {"firstname": "Test", "lastname": "User"}, "address": {"city": "New York", "street": "Cornelia Street", "number": 13, "zipcode": "12926-3874", "geolocation": {"lat": "-37.3159", "long": "81.1496"}}, "phone": "1-234-567-8910"}' 
 </msg>
<msg timestamp="20221019 16:58:37.250" level="INFO">POST Response : url=https://fakestoreapi.com/users 
 status=200, reason=OK 
 headers={'Date': 'Wed, 19 Oct 2022 19:58:37 GMT', 'Content-Type': 'application/json; charset=utf-8', 'Content-Length': '9', 'Connection': 'keep-alive', 'Access-Control-Allow-Origin': '*', 'Etag': 'W/"9-hVv0cNJophUD7CGn+ZqXp8tVGo0"', 'X-Powered-By': 'Express', 'CF-Cache-Status': 'DYNAMIC', 'Report-To': '{"endpoints":[{"url":"https:\\/\\/a.nel.cloudflare.com\\/report\\/v3?s=l0Vbb8JHnJP0lA1gNyLixNnraWVlkrhsrVSpJJ%2FCRWl2edeFaaeDMnk5CVFbkOS6ZZ9ak1Rkg73jeWvzpja9fJJSO3MJl2PkSig1aCAu%2FyHefkCP%2Bjd1hI5N%2BP10FR6WZMEd"}],"group":"cf-nel","max_age":604800}', 'NEL': '{"success_fraction":0,"report_to":"cf-nel","max_age":604800}', 'Server': 'cloudflare', 'CF-RAY': '75cc16e85f0ea4e1-GRU', 'alt-svc': 'h3=":443"; ma=86400, h3-29=":443"; ma=86400'} 
 body={"id":11} 
 </msg>
<msg timestamp="20221019 16:58:37.250" level="INFO">${response} = &lt;Response [200]&gt;</msg>
<status status="PASS" starttime="20221019 16:58:36.772" endtime="20221019 16:58:37.250"/>
</kw>
<kw name="Set Global Variable" library="BuiltIn">
<arg>${response}</arg>
<doc>Makes a variable available globally in all tests and suites.</doc>
<msg timestamp="20221019 16:58:37.250" level="INFO">${response} = &lt;Response [200]&gt;</msg>
<status status="PASS" starttime="20221019 16:58:37.250" endtime="20221019 16:58:37.251"/>
</kw>
<status status="PASS" starttime="20221019 16:58:36.772" endtime="20221019 16:58:37.251"/>
</kw>
<kw name="Validate Status Code &quot;201&quot;" library="common" sourcename="Validate Status Code &quot;${statuscode}&quot;">
<kw name="Should Be True" library="BuiltIn">
<arg>${response.status_code} == ${statuscode}</arg>
<doc>Fails if the given condition is not true.</doc>
<msg timestamp="20221019 16:58:37.252" level="FAIL">'200 == 201' should be true.</msg>
<status status="FAIL" starttime="20221019 16:58:37.251" endtime="20221019 16:58:37.252"/>
</kw>
<kw name="Log To Console" library="BuiltIn">
<arg>Status Code: ${response.status_code}\n</arg>
<doc>Logs the given message to the console.</doc>
<status status="NOT RUN" starttime="20221019 16:58:37.253" endtime="20221019 16:58:37.253"/>
</kw>
<status status="FAIL" starttime="20221019 16:58:37.251" endtime="20221019 16:58:37.253"/>
</kw>
<tag>POST201</tag>
<status status="FAIL" starttime="20221019 16:58:36.765" endtime="20221019 16:58:37.253">'200 == 201' should be true.</status>
</test>
<test id="s1-t9" name="Cenary: POST User With Unavaliable Email 400" line="53">
<kw name="Pick A Static User" library="users_keywords">
<arg>unavaliable_email</arg>
<kw name="Import Estatic JSON" library="common">
<var>${json}</var>
<arg>users.json</arg>
<kw name="Get File" library="OperatingSystem">
<var>${file}</var>
<arg>${EXECDIR}/../support/fixtures/static/${file_name}</arg>
<doc>Returns the contents of a specified file.</doc>
<msg timestamp="20221019 16:58:37.256" level="INFO" html="true">Getting file '&lt;a href="file://C:\Users\paula.jardim\Testes_FakeStoreAPI\support\fixtures\static\users.json"&gt;C:\Users\paula.jardim\Testes_FakeStoreAPI\support\fixtures\static\users.json&lt;/a&gt;'.</msg>
<msg timestamp="20221019 16:58:37.256" level="INFO">${file} = {
    "valid_user":{
        "email":"newuser@gmail.com",
        "username":"NewUser123",
        "password":"123$abc",
        "name":{
            "firstname":"Test",
            "lastname":"User"
...</msg>
<status status="PASS" starttime="20221019 16:58:37.256" endtime="20221019 16:58:37.256"/>
</kw>
<kw name="Evaluate" library="BuiltIn">
<var>&amp;{data}</var>
<arg>json.loads('''${file}''')</arg>
<arg>json</arg>
<doc>Evaluates the given expression in Python and returns the result.</doc>
<msg timestamp="20221019 16:58:37.257" level="INFO">&amp;{data} = { valid_user={'email': 'newuser@gmail.com', 'username': 'NewUser123', 'password': '123$abc', 'name': {'firstname': 'Test', 'lastname': 'User'}, 'address': {'city': 'New York', 'street': 'Cornelia Stre...</msg>
<status status="PASS" starttime="20221019 16:58:37.256" endtime="20221019 16:58:37.257"/>
</kw>
<msg timestamp="20221019 16:58:37.258" level="INFO">${json} = {'valid_user': {'email': 'newuser@gmail.com', 'username': 'NewUser123', 'password': '123$abc', 'name': {'firstname': 'Test', 'lastname': 'User'}, 'address': {'city': 'New York', 'street': 'Cornelia St...</msg>
<status status="PASS" starttime="20221019 16:58:37.256" endtime="20221019 16:58:37.258"/>
</kw>
<kw name="Set Variable" library="BuiltIn">
<var>${payload}</var>
<arg>${json["${object}"]}</arg>
<doc>Returns the given values which can then be assigned to a variables.</doc>
<msg timestamp="20221019 16:58:37.258" level="INFO">${payload} = {'email': 'john@gmail.com', 'username': 'NewUser123', 'password': '123$abc', 'name': {'firstname': 'Test', 'lastname': 'User'}, 'address': {'city': 'New York', 'street': 'Cornelia Street', 'number': 1...</msg>
<status status="PASS" starttime="20221019 16:58:37.258" endtime="20221019 16:58:37.258"/>
</kw>
<kw name="Set Global Variable" library="BuiltIn">
<arg>${payload}</arg>
<doc>Makes a variable available globally in all tests and suites.</doc>
<msg timestamp="20221019 16:58:37.258" level="INFO">${payload} = {'email': 'john@gmail.com', 'username': 'NewUser123', 'password': '123$abc', 'name': {'firstname': 'Test', 'lastname': 'User'}, 'address': {'city': 'New York', 'street': 'Cornelia Street', 'number': 1...</msg>
<status status="PASS" starttime="20221019 16:58:37.258" endtime="20221019 16:58:37.258"/>
</kw>
<status status="PASS" starttime="20221019 16:58:37.255" endtime="20221019 16:58:37.258"/>
</kw>
<kw name="POST Endpoint /users" library="users_keywords">
<kw name="POST On Session" library="RequestsLibrary">
<var>${response}</var>
<arg>fakestore</arg>
<arg>/users</arg>
<arg>json=${payload}</arg>
<arg>expected_status=any</arg>
<doc>Sends a POST request on a previously created HTTP Session.</doc>
<msg timestamp="20221019 16:58:37.751" level="INFO">POST Request : url=https://fakestoreapi.com/users 
 path_url=/users 
 headers={'User-Agent': 'python-requests/2.28.1', 'Accept-Encoding': 'gzip, deflate', 'Accept': '*/*', 'Connection': 'keep-alive', 'Content-Length': '310', 'Content-Type': 'application/json'} 
 body=b'{"email": "john@gmail.com", "username": "NewUser123", "password": "123$abc", "name": {"firstname": "Test", "lastname": "User"}, "address": {"city": "New York", "street": "Cornelia Street", "number": 13, "zipcode": "12926-3874", "geolocation": {"lat": "-37.3159", "long": "81.1496"}}, "phone": "1-234-567-8910"}' 
 </msg>
<msg timestamp="20221019 16:58:37.751" level="INFO">POST Response : url=https://fakestoreapi.com/users 
 status=200, reason=OK 
 headers={'Date': 'Wed, 19 Oct 2022 19:58:37 GMT', 'Content-Type': 'application/json; charset=utf-8', 'Content-Length': '9', 'Connection': 'keep-alive', 'Access-Control-Allow-Origin': '*', 'Etag': 'W/"9-hVv0cNJophUD7CGn+ZqXp8tVGo0"', 'X-Powered-By': 'Express', 'CF-Cache-Status': 'DYNAMIC', 'Report-To': '{"endpoints":[{"url":"https:\\/\\/a.nel.cloudflare.com\\/report\\/v3?s=bmjbWKyep2iRgXjD%2FPzVUtAyOcfasKc2ayasj0XNDGtbw%2Bhrx2Z1fWgK7JXwtnJOII%2BS4KozSvxWLjrUjSeUQkiuyKnnNDzkeIz3bjT9gDP9VsxoofQ3P1Gy8V7pkgZQdREX"}],"group":"cf-nel","max_age":604800}', 'NEL': '{"success_fraction":0,"report_to":"cf-nel","max_age":604800}', 'Server': 'cloudflare', 'CF-RAY': '75cc16eb5d67a4e1-GRU', 'alt-svc': 'h3=":443"; ma=86400, h3-29=":443"; ma=86400'} 
 body={"id":11} 
 </msg>
<msg timestamp="20221019 16:58:37.751" level="INFO">${response} = &lt;Response [200]&gt;</msg>
<status status="PASS" starttime="20221019 16:58:37.259" endtime="20221019 16:58:37.751"/>
</kw>
<kw name="Set Global Variable" library="BuiltIn">
<arg>${response}</arg>
<doc>Makes a variable available globally in all tests and suites.</doc>
<msg timestamp="20221019 16:58:37.751" level="INFO">${response} = &lt;Response [200]&gt;</msg>
<status status="PASS" starttime="20221019 16:58:37.751" endtime="20221019 16:58:37.751"/>
</kw>
<status status="PASS" starttime="20221019 16:58:37.259" endtime="20221019 16:58:37.751"/>
</kw>
<kw name="Validate Status Code &quot;400&quot;" library="common" sourcename="Validate Status Code &quot;${statuscode}&quot;">
<kw name="Should Be True" library="BuiltIn">
<arg>${response.status_code} == ${statuscode}</arg>
<doc>Fails if the given condition is not true.</doc>
<msg timestamp="20221019 16:58:37.754" level="FAIL">'200 == 400' should be true.</msg>
<status status="FAIL" starttime="20221019 16:58:37.753" endtime="20221019 16:58:37.754"/>
</kw>
<kw name="Log To Console" library="BuiltIn">
<arg>Status Code: ${response.status_code}\n</arg>
<doc>Logs the given message to the console.</doc>
<status status="NOT RUN" starttime="20221019 16:58:37.755" endtime="20221019 16:58:37.755"/>
</kw>
<status status="FAIL" starttime="20221019 16:58:37.752" endtime="20221019 16:58:37.755"/>
</kw>
<tag>POST400.1</tag>
<status status="FAIL" starttime="20221019 16:58:37.255" endtime="20221019 16:58:37.755">'200 == 400' should be true.</status>
</test>
<test id="s1-t10" name="Cenary: POST User With Existent Username 400" line="59">
<kw name="Pick A Static User" library="users_keywords">
<arg>unavaliable_username</arg>
<kw name="Import Estatic JSON" library="common">
<var>${json}</var>
<arg>users.json</arg>
<kw name="Get File" library="OperatingSystem">
<var>${file}</var>
<arg>${EXECDIR}/../support/fixtures/static/${file_name}</arg>
<doc>Returns the contents of a specified file.</doc>
<msg timestamp="20221019 16:58:37.759" level="INFO" html="true">Getting file '&lt;a href="file://C:\Users\paula.jardim\Testes_FakeStoreAPI\support\fixtures\static\users.json"&gt;C:\Users\paula.jardim\Testes_FakeStoreAPI\support\fixtures\static\users.json&lt;/a&gt;'.</msg>
<msg timestamp="20221019 16:58:37.759" level="INFO">${file} = {
    "valid_user":{
        "email":"newuser@gmail.com",
        "username":"NewUser123",
        "password":"123$abc",
        "name":{
            "firstname":"Test",
            "lastname":"User"
...</msg>
<status status="PASS" starttime="20221019 16:58:37.759" endtime="20221019 16:58:37.759"/>
</kw>
<kw name="Evaluate" library="BuiltIn">
<var>&amp;{data}</var>
<arg>json.loads('''${file}''')</arg>
<arg>json</arg>
<doc>Evaluates the given expression in Python and returns the result.</doc>
<msg timestamp="20221019 16:58:37.760" level="INFO">&amp;{data} = { valid_user={'email': 'newuser@gmail.com', 'username': 'NewUser123', 'password': '123$abc', 'name': {'firstname': 'Test', 'lastname': 'User'}, 'address': {'city': 'New York', 'street': 'Cornelia Stre...</msg>
<status status="PASS" starttime="20221019 16:58:37.760" endtime="20221019 16:58:37.760"/>
</kw>
<msg timestamp="20221019 16:58:37.761" level="INFO">${json} = {'valid_user': {'email': 'newuser@gmail.com', 'username': 'NewUser123', 'password': '123$abc', 'name': {'firstname': 'Test', 'lastname': 'User'}, 'address': {'city': 'New York', 'street': 'Cornelia St...</msg>
<status status="PASS" starttime="20221019 16:58:37.759" endtime="20221019 16:58:37.761"/>
</kw>
<kw name="Set Variable" library="BuiltIn">
<var>${payload}</var>
<arg>${json["${object}"]}</arg>
<doc>Returns the given values which can then be assigned to a variables.</doc>
<msg timestamp="20221019 16:58:37.761" level="INFO">${payload} = {'email': 'newuser@gmail.com', 'username': 'johnd', 'password': '123$abc', 'name': {'firstname': 'Test', 'lastname': 'User'}, 'address': {'city': 'New York', 'street': 'Cornelia Street', 'number': 13,...</msg>
<status status="PASS" starttime="20221019 16:58:37.761" endtime="20221019 16:58:37.761"/>
</kw>
<kw name="Set Global Variable" library="BuiltIn">
<arg>${payload}</arg>
<doc>Makes a variable available globally in all tests and suites.</doc>
<msg timestamp="20221019 16:58:37.762" level="INFO">${payload} = {'email': 'newuser@gmail.com', 'username': 'johnd', 'password': '123$abc', 'name': {'firstname': 'Test', 'lastname': 'User'}, 'address': {'city': 'New York', 'street': 'Cornelia Street', 'number': 13,...</msg>
<status status="PASS" starttime="20221019 16:58:37.761" endtime="20221019 16:58:37.762"/>
</kw>
<status status="PASS" starttime="20221019 16:58:37.759" endtime="20221019 16:58:37.763"/>
</kw>
<kw name="POST Endpoint /users" library="users_keywords">
<kw name="POST On Session" library="RequestsLibrary">
<var>${response}</var>
<arg>fakestore</arg>
<arg>/users</arg>
<arg>json=${payload}</arg>
<arg>expected_status=any</arg>
<doc>Sends a POST request on a previously created HTTP Session.</doc>
<msg timestamp="20221019 16:58:38.264" level="INFO">POST Request : url=https://fakestoreapi.com/users 
 path_url=/users 
 headers={'User-Agent': 'python-requests/2.28.1', 'Accept-Encoding': 'gzip, deflate', 'Accept': '*/*', 'Connection': 'keep-alive', 'Content-Length': '308', 'Content-Type': 'application/json'} 
 body=b'{"email": "newuser@gmail.com", "username": "johnd", "password": "123$abc", "name": {"firstname": "Test", "lastname": "User"}, "address": {"city": "New York", "street": "Cornelia Street", "number": 13, "zipcode": "12926-3874", "geolocation": {"lat": "-37.3159", "long": "81.1496"}}, "phone": "1-234-567-8910"}' 
 </msg>
<msg timestamp="20221019 16:58:38.264" level="INFO">POST Response : url=https://fakestoreapi.com/users 
 status=200, reason=OK 
 headers={'Date': 'Wed, 19 Oct 2022 19:58:38 GMT', 'Content-Type': 'application/json; charset=utf-8', 'Content-Length': '8', 'Connection': 'keep-alive', 'Access-Control-Allow-Origin': '*', 'Etag': 'W/"8-h5EdGu1QmHe4OkjsU292jNzSLfE"', 'X-Powered-By': 'Express', 'CF-Cache-Status': 'DYNAMIC', 'Report-To': '{"endpoints":[{"url":"https:\\/\\/a.nel.cloudflare.com\\/report\\/v3?s=FYDCP58jl5JIhoZyEdREHICjUmc4sSQDq7iHJRx%2BgJQmNZEKXXKslXKpzj134rhslnGLUL64y9BeUZJKCMMQuje2P%2FlzH0Z3WqWO9HuTgblcTgP1N%2BKLjmdhScC4jlce9YCh"}],"group":"cf-nel","max_age":604800}', 'NEL': '{"success_fraction":0,"report_to":"cf-nel","max_age":604800}', 'Server': 'cloudflare', 'CF-RAY': '75cc16ee9e4aa4e1-GRU', 'alt-svc': 'h3=":443"; ma=86400, h3-29=":443"; ma=86400'} 
 body={"id":1} 
 </msg>
<msg timestamp="20221019 16:58:38.264" level="INFO">${response} = &lt;Response [200]&gt;</msg>
<status status="PASS" starttime="20221019 16:58:37.763" endtime="20221019 16:58:38.264"/>
</kw>
<kw name="Set Global Variable" library="BuiltIn">
<arg>${response}</arg>
<doc>Makes a variable available globally in all tests and suites.</doc>
<msg timestamp="20221019 16:58:38.264" level="INFO">${response} = &lt;Response [200]&gt;</msg>
<status status="PASS" starttime="20221019 16:58:38.264" endtime="20221019 16:58:38.264"/>
</kw>
<status status="PASS" starttime="20221019 16:58:37.763" endtime="20221019 16:58:38.264"/>
</kw>
<kw name="Validate Status Code &quot;400&quot;" library="common" sourcename="Validate Status Code &quot;${statuscode}&quot;">
<kw name="Should Be True" library="BuiltIn">
<arg>${response.status_code} == ${statuscode}</arg>
<doc>Fails if the given condition is not true.</doc>
<msg timestamp="20221019 16:58:38.266" level="FAIL">'200 == 400' should be true.</msg>
<status status="FAIL" starttime="20221019 16:58:38.265" endtime="20221019 16:58:38.266"/>
</kw>
<kw name="Log To Console" library="BuiltIn">
<arg>Status Code: ${response.status_code}\n</arg>
<doc>Logs the given message to the console.</doc>
<status status="NOT RUN" starttime="20221019 16:58:38.266" endtime="20221019 16:58:38.266"/>
</kw>
<status status="FAIL" starttime="20221019 16:58:38.265" endtime="20221019 16:58:38.266"/>
</kw>
<tag>POST400.2</tag>
<status status="FAIL" starttime="20221019 16:58:37.758" endtime="20221019 16:58:38.267">'200 == 400' should be true.</status>
</test>
<test id="s1-t11" name="Cenary: POST User With Empty Email 400" line="65">
<kw name="Pick A Static User" library="users_keywords">
<arg>empty_email</arg>
<kw name="Import Estatic JSON" library="common">
<var>${json}</var>
<arg>users.json</arg>
<kw name="Get File" library="OperatingSystem">
<var>${file}</var>
<arg>${EXECDIR}/../support/fixtures/static/${file_name}</arg>
<doc>Returns the contents of a specified file.</doc>
<msg timestamp="20221019 16:58:38.270" level="INFO" html="true">Getting file '&lt;a href="file://C:\Users\paula.jardim\Testes_FakeStoreAPI\support\fixtures\static\users.json"&gt;C:\Users\paula.jardim\Testes_FakeStoreAPI\support\fixtures\static\users.json&lt;/a&gt;'.</msg>
<msg timestamp="20221019 16:58:38.270" level="INFO">${file} = {
    "valid_user":{
        "email":"newuser@gmail.com",
        "username":"NewUser123",
        "password":"123$abc",
        "name":{
            "firstname":"Test",
            "lastname":"User"
...</msg>
<status status="PASS" starttime="20221019 16:58:38.270" endtime="20221019 16:58:38.270"/>
</kw>
<kw name="Evaluate" library="BuiltIn">
<var>&amp;{data}</var>
<arg>json.loads('''${file}''')</arg>
<arg>json</arg>
<doc>Evaluates the given expression in Python and returns the result.</doc>
<msg timestamp="20221019 16:58:38.272" level="INFO">&amp;{data} = { valid_user={'email': 'newuser@gmail.com', 'username': 'NewUser123', 'password': '123$abc', 'name': {'firstname': 'Test', 'lastname': 'User'}, 'address': {'city': 'New York', 'street': 'Cornelia Stre...</msg>
<status status="PASS" starttime="20221019 16:58:38.270" endtime="20221019 16:58:38.272"/>
</kw>
<msg timestamp="20221019 16:58:38.272" level="INFO">${json} = {'valid_user': {'email': 'newuser@gmail.com', 'username': 'NewUser123', 'password': '123$abc', 'name': {'firstname': 'Test', 'lastname': 'User'}, 'address': {'city': 'New York', 'street': 'Cornelia St...</msg>
<status status="PASS" starttime="20221019 16:58:38.270" endtime="20221019 16:58:38.272"/>
</kw>
<kw name="Set Variable" library="BuiltIn">
<var>${payload}</var>
<arg>${json["${object}"]}</arg>
<doc>Returns the given values which can then be assigned to a variables.</doc>
<msg timestamp="20221019 16:58:38.273" level="INFO">${payload} = {'username': 'NewUser123', 'password': '123$abc', 'name': {'firstname': 'Test', 'lastname': 'User'}, 'address': {'city': 'New York', 'street': 'Cornelia Street', 'number': 13, 'zipcode': '12926-3874',...</msg>
<status status="PASS" starttime="20221019 16:58:38.272" endtime="20221019 16:58:38.273"/>
</kw>
<kw name="Set Global Variable" library="BuiltIn">
<arg>${payload}</arg>
<doc>Makes a variable available globally in all tests and suites.</doc>
<msg timestamp="20221019 16:58:38.273" level="INFO">${payload} = {'username': 'NewUser123', 'password': '123$abc', 'name': {'firstname': 'Test', 'lastname': 'User'}, 'address': {'city': 'New York', 'street': 'Cornelia Street', 'number': 13, 'zipcode': '12926-3874',...</msg>
<status status="PASS" starttime="20221019 16:58:38.273" endtime="20221019 16:58:38.273"/>
</kw>
<status status="PASS" starttime="20221019 16:58:38.269" endtime="20221019 16:58:38.273"/>
</kw>
<kw name="POST Endpoint /users" library="users_keywords">
<kw name="POST On Session" library="RequestsLibrary">
<var>${response}</var>
<arg>fakestore</arg>
<arg>/users</arg>
<arg>json=${payload}</arg>
<arg>expected_status=any</arg>
<doc>Sends a POST request on a previously created HTTP Session.</doc>
<msg timestamp="20221019 16:58:38.755" level="INFO">POST Request : url=https://fakestoreapi.com/users 
 path_url=/users 
 headers={'User-Agent': 'python-requests/2.28.1', 'Accept-Encoding': 'gzip, deflate', 'Accept': '*/*', 'Connection': 'keep-alive', 'Content-Length': '283', 'Content-Type': 'application/json'} 
 body=b'{"username": "NewUser123", "password": "123$abc", "name": {"firstname": "Test", "lastname": "User"}, "address": {"city": "New York", "street": "Cornelia Street", "number": 13, "zipcode": "12926-3874", "geolocation": {"lat": "-37.3159", "long": "81.1496"}}, "phone": "1-234-567-8910"}' 
 </msg>
<msg timestamp="20221019 16:58:38.755" level="INFO">POST Response : url=https://fakestoreapi.com/users 
 status=200, reason=OK 
 headers={'Date': 'Wed, 19 Oct 2022 19:58:38 GMT', 'Content-Type': 'application/json; charset=utf-8', 'Content-Length': '8', 'Connection': 'keep-alive', 'Access-Control-Allow-Origin': '*', 'Etag': 'W/"8-h5EdGu1QmHe4OkjsU292jNzSLfE"', 'X-Powered-By': 'Express', 'CF-Cache-Status': 'DYNAMIC', 'Report-To': '{"endpoints":[{"url":"https:\\/\\/a.nel.cloudflare.com\\/report\\/v3?s=l0jlxRXhd2cfdFZopehDQ%2Bx23Bv2n3ULOf7RsQYXKeBJ%2BZiN7xmk4t8Um1bkAxJGAmo4lvZezFmB%2BX7o46N4yadJVpAoTOmUQwaYoWacEXgolH9JCERhAzjvUaf7mJ6z4VfP"}],"group":"cf-nel","max_age":604800}', 'NEL': '{"success_fraction":0,"report_to":"cf-nel","max_age":604800}', 'Server': 'cloudflare', 'CF-RAY': '75cc16f1bda3a4e1-GRU', 'alt-svc': 'h3=":443"; ma=86400, h3-29=":443"; ma=86400'} 
 body={"id":1} 
 </msg>
<msg timestamp="20221019 16:58:38.755" level="INFO">${response} = &lt;Response [200]&gt;</msg>
<status status="PASS" starttime="20221019 16:58:38.274" endtime="20221019 16:58:38.755"/>
</kw>
<kw name="Set Global Variable" library="BuiltIn">
<arg>${response}</arg>
<doc>Makes a variable available globally in all tests and suites.</doc>
<msg timestamp="20221019 16:58:38.756" level="INFO">${response} = &lt;Response [200]&gt;</msg>
<status status="PASS" starttime="20221019 16:58:38.755" endtime="20221019 16:58:38.756"/>
</kw>
<status status="PASS" starttime="20221019 16:58:38.274" endtime="20221019 16:58:38.756"/>
</kw>
<kw name="Validate Status Code &quot;400&quot;" library="common" sourcename="Validate Status Code &quot;${statuscode}&quot;">
<kw name="Should Be True" library="BuiltIn">
<arg>${response.status_code} == ${statuscode}</arg>
<doc>Fails if the given condition is not true.</doc>
<msg timestamp="20221019 16:58:38.758" level="FAIL">'200 == 400' should be true.</msg>
<status status="FAIL" starttime="20221019 16:58:38.757" endtime="20221019 16:58:38.758"/>
</kw>
<kw name="Log To Console" library="BuiltIn">
<arg>Status Code: ${response.status_code}\n</arg>
<doc>Logs the given message to the console.</doc>
<status status="NOT RUN" starttime="20221019 16:58:38.758" endtime="20221019 16:58:38.758"/>
</kw>
<status status="FAIL" starttime="20221019 16:58:38.757" endtime="20221019 16:58:38.758"/>
</kw>
<tag>POST400.3</tag>
<status status="FAIL" starttime="20221019 16:58:38.269" endtime="20221019 16:58:38.759">'200 == 400' should be true.</status>
</test>
<test id="s1-t12" name="Cenary: POST User With Empty Username 400" line="71">
<kw name="Pick A Static User" library="users_keywords">
<arg>empty_username</arg>
<kw name="Import Estatic JSON" library="common">
<var>${json}</var>
<arg>users.json</arg>
<kw name="Get File" library="OperatingSystem">
<var>${file}</var>
<arg>${EXECDIR}/../support/fixtures/static/${file_name}</arg>
<doc>Returns the contents of a specified file.</doc>
<msg timestamp="20221019 16:58:38.762" level="INFO" html="true">Getting file '&lt;a href="file://C:\Users\paula.jardim\Testes_FakeStoreAPI\support\fixtures\static\users.json"&gt;C:\Users\paula.jardim\Testes_FakeStoreAPI\support\fixtures\static\users.json&lt;/a&gt;'.</msg>
<msg timestamp="20221019 16:58:38.762" level="INFO">${file} = {
    "valid_user":{
        "email":"newuser@gmail.com",
        "username":"NewUser123",
        "password":"123$abc",
        "name":{
            "firstname":"Test",
            "lastname":"User"
...</msg>
<status status="PASS" starttime="20221019 16:58:38.762" endtime="20221019 16:58:38.762"/>
</kw>
<kw name="Evaluate" library="BuiltIn">
<var>&amp;{data}</var>
<arg>json.loads('''${file}''')</arg>
<arg>json</arg>
<doc>Evaluates the given expression in Python and returns the result.</doc>
<msg timestamp="20221019 16:58:38.763" level="INFO">&amp;{data} = { valid_user={'email': 'newuser@gmail.com', 'username': 'NewUser123', 'password': '123$abc', 'name': {'firstname': 'Test', 'lastname': 'User'}, 'address': {'city': 'New York', 'street': 'Cornelia Stre...</msg>
<status status="PASS" starttime="20221019 16:58:38.762" endtime="20221019 16:58:38.763"/>
</kw>
<msg timestamp="20221019 16:58:38.763" level="INFO">${json} = {'valid_user': {'email': 'newuser@gmail.com', 'username': 'NewUser123', 'password': '123$abc', 'name': {'firstname': 'Test', 'lastname': 'User'}, 'address': {'city': 'New York', 'street': 'Cornelia St...</msg>
<status status="PASS" starttime="20221019 16:58:38.762" endtime="20221019 16:58:38.763"/>
</kw>
<kw name="Set Variable" library="BuiltIn">
<var>${payload}</var>
<arg>${json["${object}"]}</arg>
<doc>Returns the given values which can then be assigned to a variables.</doc>
<msg timestamp="20221019 16:58:38.764" level="INFO">${payload} = {'email': 'newuser@gmail.com', 'password': '123$abc', 'name': {'firstname': 'Test', 'lastname': 'User'}, 'address': {'city': 'New York', 'street': 'Cornelia Street', 'number': 13, 'zipcode': '12926-38...</msg>
<status status="PASS" starttime="20221019 16:58:38.763" endtime="20221019 16:58:38.764"/>
</kw>
<kw name="Set Global Variable" library="BuiltIn">
<arg>${payload}</arg>
<doc>Makes a variable available globally in all tests and suites.</doc>
<msg timestamp="20221019 16:58:38.764" level="INFO">${payload} = {'email': 'newuser@gmail.com', 'password': '123$abc', 'name': {'firstname': 'Test', 'lastname': 'User'}, 'address': {'city': 'New York', 'street': 'Cornelia Street', 'number': 13, 'zipcode': '12926-38...</msg>
<status status="PASS" starttime="20221019 16:58:38.764" endtime="20221019 16:58:38.764"/>
</kw>
<status status="PASS" starttime="20221019 16:58:38.761" endtime="20221019 16:58:38.764"/>
</kw>
<kw name="POST Endpoint /users" library="users_keywords">
<kw name="POST On Session" library="RequestsLibrary">
<var>${response}</var>
<arg>fakestore</arg>
<arg>/users</arg>
<arg>json=${payload}</arg>
<arg>expected_status=any</arg>
<doc>Sends a POST request on a previously created HTTP Session.</doc>
<msg timestamp="20221019 16:58:39.246" level="INFO">POST Request : url=https://fakestoreapi.com/users 
 path_url=/users 
 headers={'User-Agent': 'python-requests/2.28.1', 'Accept-Encoding': 'gzip, deflate', 'Accept': '*/*', 'Connection': 'keep-alive', 'Content-Length': '287', 'Content-Type': 'application/json'} 
 body=b'{"email": "newuser@gmail.com", "password": "123$abc", "name": {"firstname": "Test", "lastname": "User"}, "address": {"city": "New York", "street": "Cornelia Street", "number": 13, "zipcode": "12926-3874", "geolocation": {"lat": "-37.3159", "long": "81.1496"}}, "phone": "1-234-567-8910"}' 
 </msg>
<msg timestamp="20221019 16:58:39.246" level="INFO">POST Response : url=https://fakestoreapi.com/users 
 status=200, reason=OK 
 headers={'Date': 'Wed, 19 Oct 2022 19:58:39 GMT', 'Content-Type': 'application/json; charset=utf-8', 'Content-Length': '8', 'Connection': 'keep-alive', 'Access-Control-Allow-Origin': '*', 'Etag': 'W/"8-h5EdGu1QmHe4OkjsU292jNzSLfE"', 'X-Powered-By': 'Express', 'CF-Cache-Status': 'DYNAMIC', 'Report-To': '{"endpoints":[{"url":"https:\\/\\/a.nel.cloudflare.com\\/report\\/v3?s=ykqMMr6%2BdTPm2UgpdQhmC8uur1TF4u3cMvKWIlxDT03NIqTR%2FZkxwNFC%2BkWQKjqIA9tBlGL6PjTNsPL5Gq5ZOg5KZNVUqJqsUCC2VeecDdINHMi0s7kTAjwK7d0x3P949Bav"}],"group":"cf-nel","max_age":604800}', 'NEL': '{"success_fraction":0,"report_to":"cf-nel","max_age":604800}', 'Server': 'cloudflare', 'CF-RAY': '75cc16f4cdfaa4e1-GRU', 'alt-svc': 'h3=":443"; ma=86400, h3-29=":443"; ma=86400'} 
 body={"id":1} 
 </msg>
<msg timestamp="20221019 16:58:39.247" level="INFO">${response} = &lt;Response [200]&gt;</msg>
<status status="PASS" starttime="20221019 16:58:38.765" endtime="20221019 16:58:39.247"/>
</kw>
<kw name="Set Global Variable" library="BuiltIn">
<arg>${response}</arg>
<doc>Makes a variable available globally in all tests and suites.</doc>
<msg timestamp="20221019 16:58:39.248" level="INFO">${response} = &lt;Response [200]&gt;</msg>
<status status="PASS" starttime="20221019 16:58:39.247" endtime="20221019 16:58:39.248"/>
</kw>
<status status="PASS" starttime="20221019 16:58:38.765" endtime="20221019 16:58:39.248"/>
</kw>
<kw name="Validate Status Code &quot;400&quot;" library="common" sourcename="Validate Status Code &quot;${statuscode}&quot;">
<kw name="Should Be True" library="BuiltIn">
<arg>${response.status_code} == ${statuscode}</arg>
<doc>Fails if the given condition is not true.</doc>
<msg timestamp="20221019 16:58:39.253" level="FAIL">'200 == 400' should be true.</msg>
<status status="FAIL" starttime="20221019 16:58:39.250" endtime="20221019 16:58:39.253"/>
</kw>
<kw name="Log To Console" library="BuiltIn">
<arg>Status Code: ${response.status_code}\n</arg>
<doc>Logs the given message to the console.</doc>
<status status="NOT RUN" starttime="20221019 16:58:39.253" endtime="20221019 16:58:39.254"/>
</kw>
<status status="FAIL" starttime="20221019 16:58:39.249" endtime="20221019 16:58:39.254"/>
</kw>
<tag>POST400.4</tag>
<status status="FAIL" starttime="20221019 16:58:38.761" endtime="20221019 16:58:39.257">'200 == 400' should be true.</status>
</test>
<test id="s1-t13" name="Cenary: POST User With Empty Password 400" line="77">
<kw name="Pick A Static User" library="users_keywords">
<arg>empty_password</arg>
<kw name="Import Estatic JSON" library="common">
<var>${json}</var>
<arg>users.json</arg>
<kw name="Get File" library="OperatingSystem">
<var>${file}</var>
<arg>${EXECDIR}/../support/fixtures/static/${file_name}</arg>
<doc>Returns the contents of a specified file.</doc>
<msg timestamp="20221019 16:58:39.261" level="INFO" html="true">Getting file '&lt;a href="file://C:\Users\paula.jardim\Testes_FakeStoreAPI\support\fixtures\static\users.json"&gt;C:\Users\paula.jardim\Testes_FakeStoreAPI\support\fixtures\static\users.json&lt;/a&gt;'.</msg>
<msg timestamp="20221019 16:58:39.262" level="INFO">${file} = {
    "valid_user":{
        "email":"newuser@gmail.com",
        "username":"NewUser123",
        "password":"123$abc",
        "name":{
            "firstname":"Test",
            "lastname":"User"
...</msg>
<status status="PASS" starttime="20221019 16:58:39.261" endtime="20221019 16:58:39.262"/>
</kw>
<kw name="Evaluate" library="BuiltIn">
<var>&amp;{data}</var>
<arg>json.loads('''${file}''')</arg>
<arg>json</arg>
<doc>Evaluates the given expression in Python and returns the result.</doc>
<msg timestamp="20221019 16:58:39.263" level="INFO">&amp;{data} = { valid_user={'email': 'newuser@gmail.com', 'username': 'NewUser123', 'password': '123$abc', 'name': {'firstname': 'Test', 'lastname': 'User'}, 'address': {'city': 'New York', 'street': 'Cornelia Stre...</msg>
<status status="PASS" starttime="20221019 16:58:39.262" endtime="20221019 16:58:39.263"/>
</kw>
<msg timestamp="20221019 16:58:39.263" level="INFO">${json} = {'valid_user': {'email': 'newuser@gmail.com', 'username': 'NewUser123', 'password': '123$abc', 'name': {'firstname': 'Test', 'lastname': 'User'}, 'address': {'city': 'New York', 'street': 'Cornelia St...</msg>
<status status="PASS" starttime="20221019 16:58:39.261" endtime="20221019 16:58:39.264"/>
</kw>
<kw name="Set Variable" library="BuiltIn">
<var>${payload}</var>
<arg>${json["${object}"]}</arg>
<doc>Returns the given values which can then be assigned to a variables.</doc>
<msg timestamp="20221019 16:58:39.264" level="INFO">${payload} = {'email': 'newuser@gmail.com', 'username': 'NewUser123', 'name': {'firstname': 'Test', 'lastname': 'User'}, 'address': {'city': 'New York', 'street': 'Cornelia Street', 'number': 13, 'zipcode': '12926...</msg>
<status status="PASS" starttime="20221019 16:58:39.264" endtime="20221019 16:58:39.264"/>
</kw>
<kw name="Set Global Variable" library="BuiltIn">
<arg>${payload}</arg>
<doc>Makes a variable available globally in all tests and suites.</doc>
<msg timestamp="20221019 16:58:39.265" level="INFO">${payload} = {'email': 'newuser@gmail.com', 'username': 'NewUser123', 'name': {'firstname': 'Test', 'lastname': 'User'}, 'address': {'city': 'New York', 'street': 'Cornelia Street', 'number': 13, 'zipcode': '12926...</msg>
<status status="PASS" starttime="20221019 16:58:39.264" endtime="20221019 16:58:39.265"/>
</kw>
<status status="PASS" starttime="20221019 16:58:39.260" endtime="20221019 16:58:39.265"/>
</kw>
<kw name="POST Endpoint /users" library="users_keywords">
<kw name="POST On Session" library="RequestsLibrary">
<var>${response}</var>
<arg>fakestore</arg>
<arg>/users</arg>
<arg>json=${payload}</arg>
<arg>expected_status=any</arg>
<doc>Sends a POST request on a previously created HTTP Session.</doc>
<msg timestamp="20221019 16:58:39.747" level="INFO">POST Request : url=https://fakestoreapi.com/users 
 path_url=/users 
 headers={'User-Agent': 'python-requests/2.28.1', 'Accept-Encoding': 'gzip, deflate', 'Accept': '*/*', 'Connection': 'keep-alive', 'Content-Length': '290', 'Content-Type': 'application/json'} 
 body=b'{"email": "newuser@gmail.com", "username": "NewUser123", "name": {"firstname": "Test", "lastname": "User"}, "address": {"city": "New York", "street": "Cornelia Street", "number": 13, "zipcode": "12926-3874", "geolocation": {"lat": "-37.3159", "long": "81.1496"}}, "phone": "1-234-567-8910"}' 
 </msg>
<msg timestamp="20221019 16:58:39.747" level="INFO">POST Response : url=https://fakestoreapi.com/users 
 status=200, reason=OK 
 headers={'Date': 'Wed, 19 Oct 2022 19:58:39 GMT', 'Content-Type': 'application/json; charset=utf-8', 'Content-Length': '9', 'Connection': 'keep-alive', 'Access-Control-Allow-Origin': '*', 'Etag': 'W/"9-hVv0cNJophUD7CGn+ZqXp8tVGo0"', 'X-Powered-By': 'Express', 'CF-Cache-Status': 'DYNAMIC', 'Report-To': '{"endpoints":[{"url":"https:\\/\\/a.nel.cloudflare.com\\/report\\/v3?s=U%2FpzkzdquvkKOMQPDigBqvGNS6C6zSCvF0Y3Of11528xZ7b8RvPkt49gL9hQnwAiKXGMKd5Fvuxy%2FinDePW4xih0Dxwy76UDxRG3nuiOi738Inca5FjEeuxB0XcY9WhR9JVF"}],"group":"cf-nel","max_age":604800}', 'NEL': '{"success_fraction":0,"report_to":"cf-nel","max_age":604800}', 'Server': 'cloudflare', 'CF-RAY': '75cc16f7ed3fa4e1-GRU', 'alt-svc': 'h3=":443"; ma=86400, h3-29=":443"; ma=86400'} 
 body={"id":11} 
 </msg>
<msg timestamp="20221019 16:58:39.747" level="INFO">${response} = &lt;Response [200]&gt;</msg>
<status status="PASS" starttime="20221019 16:58:39.266" endtime="20221019 16:58:39.747"/>
</kw>
<kw name="Set Global Variable" library="BuiltIn">
<arg>${response}</arg>
<doc>Makes a variable available globally in all tests and suites.</doc>
<msg timestamp="20221019 16:58:39.748" level="INFO">${response} = &lt;Response [200]&gt;</msg>
<status status="PASS" starttime="20221019 16:58:39.748" endtime="20221019 16:58:39.748"/>
</kw>
<status status="PASS" starttime="20221019 16:58:39.265" endtime="20221019 16:58:39.749"/>
</kw>
<kw name="Validate Status Code &quot;400&quot;" library="common" sourcename="Validate Status Code &quot;${statuscode}&quot;">
<kw name="Should Be True" library="BuiltIn">
<arg>${response.status_code} == ${statuscode}</arg>
<doc>Fails if the given condition is not true.</doc>
<msg timestamp="20221019 16:58:39.753" level="FAIL">'200 == 400' should be true.</msg>
<status status="FAIL" starttime="20221019 16:58:39.750" endtime="20221019 16:58:39.753"/>
</kw>
<kw name="Log To Console" library="BuiltIn">
<arg>Status Code: ${response.status_code}\n</arg>
<doc>Logs the given message to the console.</doc>
<status status="NOT RUN" starttime="20221019 16:58:39.753" endtime="20221019 16:58:39.754"/>
</kw>
<status status="FAIL" starttime="20221019 16:58:39.750" endtime="20221019 16:58:39.754"/>
</kw>
<tag>POST400.5</tag>
<status status="FAIL" starttime="20221019 16:58:39.260" endtime="20221019 16:58:39.755">'200 == 400' should be true.</status>
</test>
<test id="s1-t14" name="Cenary: POST User With Empty 'name' Parameter 400" line="83">
<kw name="Pick A Static User" library="users_keywords">
<arg>empty_name</arg>
<kw name="Import Estatic JSON" library="common">
<var>${json}</var>
<arg>users.json</arg>
<kw name="Get File" library="OperatingSystem">
<var>${file}</var>
<arg>${EXECDIR}/../support/fixtures/static/${file_name}</arg>
<doc>Returns the contents of a specified file.</doc>
<msg timestamp="20221019 16:58:39.759" level="INFO" html="true">Getting file '&lt;a href="file://C:\Users\paula.jardim\Testes_FakeStoreAPI\support\fixtures\static\users.json"&gt;C:\Users\paula.jardim\Testes_FakeStoreAPI\support\fixtures\static\users.json&lt;/a&gt;'.</msg>
<msg timestamp="20221019 16:58:39.759" level="INFO">${file} = {
    "valid_user":{
        "email":"newuser@gmail.com",
        "username":"NewUser123",
        "password":"123$abc",
        "name":{
            "firstname":"Test",
            "lastname":"User"
...</msg>
<status status="PASS" starttime="20221019 16:58:39.758" endtime="20221019 16:58:39.759"/>
</kw>
<kw name="Evaluate" library="BuiltIn">
<var>&amp;{data}</var>
<arg>json.loads('''${file}''')</arg>
<arg>json</arg>
<doc>Evaluates the given expression in Python and returns the result.</doc>
<msg timestamp="20221019 16:58:39.760" level="INFO">&amp;{data} = { valid_user={'email': 'newuser@gmail.com', 'username': 'NewUser123', 'password': '123$abc', 'name': {'firstname': 'Test', 'lastname': 'User'}, 'address': {'city': 'New York', 'street': 'Cornelia Stre...</msg>
<status status="PASS" starttime="20221019 16:58:39.759" endtime="20221019 16:58:39.760"/>
</kw>
<msg timestamp="20221019 16:58:39.761" level="INFO">${json} = {'valid_user': {'email': 'newuser@gmail.com', 'username': 'NewUser123', 'password': '123$abc', 'name': {'firstname': 'Test', 'lastname': 'User'}, 'address': {'city': 'New York', 'street': 'Cornelia St...</msg>
<status status="PASS" starttime="20221019 16:58:39.758" endtime="20221019 16:58:39.761"/>
</kw>
<kw name="Set Variable" library="BuiltIn">
<var>${payload}</var>
<arg>${json["${object}"]}</arg>
<doc>Returns the given values which can then be assigned to a variables.</doc>
<msg timestamp="20221019 16:58:39.761" level="INFO">${payload} = {'email': 'newuser@gmail.com', 'username': 'NewUser123', 'password': '123$abc', 'address': {'city': 'New York', 'street': 'Cornelia Street', 'number': 13, 'zipcode': '12926-3874', 'geolocation': {'lat...</msg>
<status status="PASS" starttime="20221019 16:58:39.761" endtime="20221019 16:58:39.762"/>
</kw>
<kw name="Set Global Variable" library="BuiltIn">
<arg>${payload}</arg>
<doc>Makes a variable available globally in all tests and suites.</doc>
<msg timestamp="20221019 16:58:39.762" level="INFO">${payload} = {'email': 'newuser@gmail.com', 'username': 'NewUser123', 'password': '123$abc', 'address': {'city': 'New York', 'street': 'Cornelia Street', 'number': 13, 'zipcode': '12926-3874', 'geolocation': {'lat...</msg>
<status status="PASS" starttime="20221019 16:58:39.762" endtime="20221019 16:58:39.762"/>
</kw>
<status status="PASS" starttime="20221019 16:58:39.758" endtime="20221019 16:58:39.762"/>
</kw>
<kw name="POST Endpoint /users" library="users_keywords">
<kw name="POST On Session" library="RequestsLibrary">
<var>${response}</var>
<arg>fakestore</arg>
<arg>/users</arg>
<arg>json=${payload}</arg>
<arg>expected_status=any</arg>
[...]
<msg timestamp="20221019 16:58:47.688" level="INFO">${payload} = {'email': 'newuser@gmail.com', 'username': 'NewUser123', 'password': '123$abc', 'name': {'firstname': 'Test', 'lastname': 'User'}, 'phone': '1-234-567-8910'}</msg>
<status status="PASS" starttime="20221019 16:58:47.688" endtime="20221019 16:58:47.688"/>
</kw>
<kw name="Set Global Variable" library="BuiltIn">
<arg>${payload}</arg>
<doc>Makes a variable available globally in all tests and suites.</doc>
<msg timestamp="20221019 16:58:47.689" level="INFO">${payload} = {'email': 'newuser@gmail.com', 'username': 'NewUser123', 'password': '123$abc', 'name': {'firstname': 'Test', 'lastname': 'User'}, 'phone': '1-234-567-8910'}</msg>
<status status="PASS" starttime="20221019 16:58:47.688" endtime="20221019 16:58:47.689"/>
</kw>
<status status="PASS" starttime="20221019 16:58:47.686" endtime="20221019 16:58:47.689"/>
</kw>
<kw name="PATCH Update Endpoint /users" library="users_keywords">
<kw name="PATCH On Session" library="RequestsLibrary">
<var>${response}</var>
<arg>fakestore</arg>
<arg>/users/6</arg>
<arg>json=${payload}</arg>
<arg>expected_status=any</arg>
<doc>Sends a PATCH request on a previously created HTTP Session.</doc>
<msg timestamp="20221019 16:58:48.012" level="INFO">PATCH Request : url=https://fakestoreapi.com/users/6 
 path_url=/users/6 
 headers={'User-Agent': 'python-requests/2.28.1', 'Accept-Encoding': 'gzip, deflate', 'Accept': '*/*', 'Connection': 'keep-alive', 'Content-Length': '157', 'Content-Type': 'application/json'} 
 body=b'{"email": "newuser@gmail.com", "username": "NewUser123", "password": "123$abc", "name": {"firstname": "Test", "lastname": "User"}, "phone": "1-234-567-8910"}' 
 </msg>
<msg timestamp="20221019 16:58:48.012" level="INFO">PATCH Response : url=https://fakestoreapi.com/users/6 
 status=200, reason=OK 
 headers={'Date': 'Wed, 19 Oct 2022 19:58:48 GMT', 'Content-Type': 'application/json; charset=utf-8', 'Transfer-Encoding': 'chunked', 'Connection': 'keep-alive', 'Access-Control-Allow-Origin': '*', 'Etag': 'W/"91-F6mDP15bpBO8qXfijFoOVHLwsoo"', 'X-Powered-By': 'Express', 'CF-Cache-Status': 'DYNAMIC', 'Report-To': '{"endpoints":[{"url":"https:\\/\\/a.nel.cloudflare.com\\/report\\/v3?s=RVrWjcLMC%2BZemcJIgLW0Hxl4wG3QNYIesCGh30yEAEhzbR4TZAovt2Zj3DYYQ9%2B5ps%2FncYw9GpjT3PNtImUhdZctisp%2B9s9B55XcDQKe0CzrEp0rYGXjWWaiCPQiC8o5IevR"}],"group":"cf-nel","max_age":604800}', 'NEL': '{"success_fraction":0,"report_to":"cf-nel","max_age":604800}', 'Server': 'cloudflare', 'CF-RAY': '75cc172c89a0a4e1-GRU', 'Content-Encoding': 'gzip', 'alt-svc': 'h3=":443"; ma=86400, h3-29=":443"; ma=86400'} 
 body={"email":"newuser@gmail.com","username":"NewUser123","password":"123$abc","name":{"firstname":"Test","lastname":"User"},"phone":"1-234-567-8910"} 
 </msg>
<msg timestamp="20221019 16:58:48.012" level="INFO">${response} = &lt;Response [200]&gt;</msg>
<status status="PASS" starttime="20221019 16:58:47.689" endtime="20221019 16:58:48.012"/>
</kw>
<kw name="Set Global Variable" library="BuiltIn">
<arg>${response}</arg>
<doc>Makes a variable available globally in all tests and suites.</doc>
<msg timestamp="20221019 16:58:48.013" level="INFO">${response} = &lt;Response [200]&gt;</msg>
<status status="PASS" starttime="20221019 16:58:48.012" endtime="20221019 16:58:48.013"/>
</kw>
<status status="PASS" starttime="20221019 16:58:47.689" endtime="20221019 16:58:48.014"/>
</kw>
<kw name="Validate Status Code &quot;400&quot;" library="common" sourcename="Validate Status Code &quot;${statuscode}&quot;">
<kw name="Should Be True" library="BuiltIn">
<arg>${response.status_code} == ${statuscode}</arg>
<doc>Fails if the given condition is not true.</doc>
<msg timestamp="20221019 16:58:48.017" level="FAIL">'200 == 400' should be true.</msg>
<status status="FAIL" starttime="20221019 16:58:48.015" endtime="20221019 16:58:48.017"/>
</kw>
<kw name="Log To Console" library="BuiltIn">
<arg>Status Code: ${response.status_code}\n</arg>
<doc>Logs the given message to the console.</doc>
<status status="NOT RUN" starttime="20221019 16:58:48.018" endtime="20221019 16:58:48.018"/>
</kw>
<status status="FAIL" starttime="20221019 16:58:48.015" endtime="20221019 16:58:48.019"/>
</kw>
<tag>PATCH400.7</tag>
<status status="FAIL" starttime="20221019 16:58:47.684" endtime="20221019 16:58:48.020">'200 == 400' should be true.</status>
</test>
<test id="s1-t36" name="Cenary: PATCH Update User With Empty Phone 400" line="219">
<kw name="Pick A Static User" library="users_keywords">
<arg>empty_phone</arg>
<kw name="Import Estatic JSON" library="common">
<var>${json}</var>
<arg>users.json</arg>
<kw name="Get File" library="OperatingSystem">
<var>${file}</var>
<arg>${EXECDIR}/../support/fixtures/static/${file_name}</arg>
<doc>Returns the contents of a specified file.</doc>
<msg timestamp="20221019 16:58:48.024" level="INFO" html="true">Getting file '&lt;a href="file://C:\Users\paula.jardim\Testes_FakeStoreAPI\support\fixtures\static\users.json"&gt;C:\Users\paula.jardim\Testes_FakeStoreAPI\support\fixtures\static\users.json&lt;/a&gt;'.</msg>
<msg timestamp="20221019 16:58:48.024" level="INFO">${file} = {
    "valid_user":{
        "email":"newuser@gmail.com",
        "username":"NewUser123",
        "password":"123$abc",
        "name":{
            "firstname":"Test",
            "lastname":"User"
...</msg>
<status status="PASS" starttime="20221019 16:58:48.023" endtime="20221019 16:58:48.024"/>
</kw>
<kw name="Evaluate" library="BuiltIn">
<var>&amp;{data}</var>
<arg>json.loads('''${file}''')</arg>
<arg>json</arg>
<doc>Evaluates the given expression in Python and returns the result.</doc>
<msg timestamp="20221019 16:58:48.025" level="INFO">&amp;{data} = { valid_user={'email': 'newuser@gmail.com', 'username': 'NewUser123', 'password': '123$abc', 'name': {'firstname': 'Test', 'lastname': 'User'}, 'address': {'city': 'New York', 'street': 'Cornelia Stre...</msg>
<status status="PASS" starttime="20221019 16:58:48.024" endtime="20221019 16:58:48.025"/>
</kw>
<msg timestamp="20221019 16:58:48.026" level="INFO">${json} = {'valid_user': {'email': 'newuser@gmail.com', 'username': 'NewUser123', 'password': '123$abc', 'name': {'firstname': 'Test', 'lastname': 'User'}, 'address': {'city': 'New York', 'street': 'Cornelia St...</msg>
<status status="PASS" starttime="20221019 16:58:48.023" endtime="20221019 16:58:48.026"/>
</kw>
<kw name="Set Variable" library="BuiltIn">
<var>${payload}</var>
<arg>${json["${object}"]}</arg>
<doc>Returns the given values which can then be assigned to a variables.</doc>
<msg timestamp="20221019 16:58:48.026" level="INFO">${payload} = {'email': 'newuser@gmail.com', 'username': 'NewUser123', 'password': '123$abc', 'name': {'firstname': 'Test', 'lastname': 'User'}, 'address': {'city': 'New York', 'street': 'Cornelia Street', 'number'...</msg>
<status status="PASS" starttime="20221019 16:58:48.026" endtime="20221019 16:58:48.026"/>
</kw>
<kw name="Set Global Variable" library="BuiltIn">
<arg>${payload}</arg>
<doc>Makes a variable available globally in all tests and suites.</doc>
<msg timestamp="20221019 16:58:48.027" level="INFO">${payload} = {'email': 'newuser@gmail.com', 'username': 'NewUser123', 'password': '123$abc', 'name': {'firstname': 'Test', 'lastname': 'User'}, 'address': {'city': 'New York', 'street': 'Cornelia Street', 'number'...</msg>
<status status="PASS" starttime="20221019 16:58:48.027" endtime="20221019 16:58:48.027"/>
</kw>
<status status="PASS" starttime="20221019 16:58:48.023" endtime="20221019 16:58:48.027"/>
</kw>
<kw name="PATCH Update Endpoint /users" library="users_keywords">
<kw name="PATCH On Session" library="RequestsLibrary">
<var>${response}</var>
<arg>fakestore</arg>
<arg>/users/6</arg>
<arg>json=${payload}</arg>
<arg>expected_status=any</arg>
<doc>Sends a PATCH request on a previously created HTTP Session.</doc>
<msg timestamp="20221019 16:58:48.360" level="INFO">PATCH Request : url=https://fakestoreapi.com/users/6 
 path_url=/users/6 
 headers={'User-Agent': 'python-requests/2.28.1', 'Accept-Encoding': 'gzip, deflate', 'Accept': '*/*', 'Connection': 'keep-alive', 'Content-Length': '286', 'Content-Type': 'application/json'} 
 body=b'{"email": "newuser@gmail.com", "username": "NewUser123", "password": "123$abc", "name": {"firstname": "Test", "lastname": "User"}, "address": {"city": "New York", "street": "Cornelia Street", "number": 13, "zipcode": "12926-3874", "geolocation": {"lat": "-37.3159", "long": "81.1496"}}}' 
 </msg>
<msg timestamp="20221019 16:58:48.360" level="INFO">PATCH Response : url=https://fakestoreapi.com/users/6 
 status=200, reason=OK 
 headers={'Date': 'Wed, 19 Oct 2022 19:58:48 GMT', 'Content-Type': 'application/json; charset=utf-8', 'Transfer-Encoding': 'chunked', 'Connection': 'keep-alive', 'Access-Control-Allow-Origin': '*', 'Etag': 'W/"106-r92LxZdn09an4pnKorQe/6y57Do"', 'X-Powered-By': 'Express', 'CF-Cache-Status': 'DYNAMIC', 'Report-To': '{"endpoints":[{"url":"https:\\/\\/a.nel.cloudflare.com\\/report\\/v3?s=Yv0Tu8ucv8lVjHYMn236N3TIymXpzquzGROUpEu6iHI5eXVl62GW9qy30r7XoVTwYcsgio%2FLDk9T1CnCjVH%2FbtxdJepH8fVJC5F9wpGFVswWRT5X0owsqmr0AOQE4pLEWwqJ"}],"group":"cf-nel","max_age":604800}', 'NEL': '{"success_fraction":0,"report_to":"cf-nel","max_age":604800}', 'Server': 'cloudflare', 'CF-RAY': '75cc172eae7fa4e1-GRU', 'Content-Encoding': 'gzip', 'alt-svc': 'h3=":443"; ma=86400, h3-29=":443"; ma=86400'} 
 body={"email":"newuser@gmail.com","username":"NewUser123","password":"123$abc","name":{"firstname":"Test","lastname":"User"},"address":{"city":"New York","street":"Cornelia Street","number":13,"zipcode":"12926-3874","geolocation":{"lat":"-37.3159","long":"81.1496"}}} 
 </msg>
<msg timestamp="20221019 16:58:48.360" level="INFO">${response} = &lt;Response [200]&gt;</msg>
<status status="PASS" starttime="20221019 16:58:48.028" endtime="20221019 16:58:48.361"/>
</kw>
<kw name="Set Global Variable" library="BuiltIn">
<arg>${response}</arg>
<doc>Makes a variable available globally in all tests and suites.</doc>
<msg timestamp="20221019 16:58:48.361" level="INFO">${response} = &lt;Response [200]&gt;</msg>
<status status="PASS" starttime="20221019 16:58:48.361" endtime="20221019 16:58:48.361"/>
</kw>
<status status="PASS" starttime="20221019 16:58:48.028" endtime="20221019 16:58:48.361"/>
</kw>
<kw name="Validate Status Code &quot;400&quot;" library="common" sourcename="Validate Status Code &quot;${statuscode}&quot;">
<kw name="Should Be True" library="BuiltIn">
<arg>${response.status_code} == ${statuscode}</arg>
<doc>Fails if the given condition is not true.</doc>
<msg timestamp="20221019 16:58:48.366" level="FAIL">'200 == 400' should be true.</msg>
<status status="FAIL" starttime="20221019 16:58:48.363" endtime="20221019 16:58:48.366"/>
</kw>
<kw name="Log To Console" library="BuiltIn">
<arg>Status Code: ${response.status_code}\n</arg>
<doc>Logs the given message to the console.</doc>
<status status="NOT RUN" starttime="20221019 16:58:48.367" endtime="20221019 16:58:48.367"/>
</kw>
<status status="FAIL" starttime="20221019 16:58:48.362" endtime="20221019 16:58:48.368"/>
</kw>
<tag>PATCH400.8</tag>
<status status="FAIL" starttime="20221019 16:58:48.022" endtime="20221019 16:58:48.369">'200 == 400' should be true.</status>
</test>
<test id="s1-t37" name="Cenary: DELETE User 204" line="227">
<kw name="DELETE Endpoint /users" library="users_keywords">
<arg>1</arg>
<kw name="DELETE On Session" library="RequestsLibrary">
<var>${response}</var>
<arg>fakestore</arg>
<arg>url=/users/${id}</arg>
<arg>expected_status=any</arg>
<doc>Sends a DELETE request on a previously created HTTP Session.</doc>
<msg timestamp="20221019 16:58:48.862" level="INFO">DELETE Request : url=https://fakestoreapi.com/users/1 
 path_url=/users/1 
 headers={'User-Agent': 'python-requests/2.28.1', 'Accept-Encoding': 'gzip, deflate', 'Accept': '*/*', 'Connection': 'keep-alive', 'Content-Length': '0'} 
 body=None 
 </msg>
<msg timestamp="20221019 16:58:48.862" level="INFO">DELETE Response : url=https://fakestoreapi.com/users/1 
 status=200, reason=OK 
 headers={'Date': 'Wed, 19 Oct 2022 19:58:48 GMT', 'Content-Type': 'application/json; charset=utf-8', 'Transfer-Encoding': 'chunked', 'Connection': 'keep-alive', 'Access-Control-Allow-Origin': '*', 'Etag': 'W/"120-HNMhv14aQeBJetA9fBvavCZ+gdk"', 'X-Powered-By': 'Express', 'CF-Cache-Status': 'DYNAMIC', 'Report-To': '{"endpoints":[{"url":"https:\\/\\/a.nel.cloudflare.com\\/report\\/v3?s=hPPnsMh69cTG8upK9zNuPdXOTU5Jq%2Fqv90Tjs%2FVETv2SNp4hiRLbQ2E%2BcLqygah4AzDGk8hA3oXv3RNqaE2a%2FoqcqtMFARhlNxR%2BDJiLhkW2%2B9abKIWrWM2pu%2FuYgDemxDR9"}],"group":"cf-nel","max_age":604800}', 'NEL': '{"success_fraction":0,"report_to":"cf-nel","max_age":604800}', 'Server': 'cloudflare', 'CF-RAY': '75cc1730dbaca4e1-GRU', 'Content-Encoding': 'gzip', 'alt-svc': 'h3=":443"; ma=86400, h3-29=":443"; ma=86400'} 
 body={"address":{"geolocation":{"lat":"-37.3159","long":"81.1496"},"city":"kilcoole","street":"new road","number":7682,"zipcode":"12926-3874"},"id":1,"email":"john@gmail.com","username":"johnd","password":"m38rmF$","name":{"firstname":"john","lastname":"doe"},"phone":"1-570-236-7033","__v":0} 
 </msg>
<msg timestamp="20221019 16:58:48.864" level="INFO">${response} = &lt;Response [200]&gt;</msg>
<status status="PASS" starttime="20221019 16:58:48.372" endtime="20221019 16:58:48.864"/>
</kw>
<kw name="Set Global Variable" library="BuiltIn">
<arg>${response}</arg>
<doc>Makes a variable available globally in all tests and suites.</doc>
<msg timestamp="20221019 16:58:48.865" level="INFO">${response} = &lt;Response [200]&gt;</msg>
<status status="PASS" starttime="20221019 16:58:48.864" endtime="20221019 16:58:48.865"/>
</kw>
<status status="PASS" starttime="20221019 16:58:48.372" endtime="20221019 16:58:48.865"/>
</kw>
<kw name="Validate Status Code &quot;204&quot;" library="common" sourcename="Validate Status Code &quot;${statuscode}&quot;">
<kw name="Should Be True" library="BuiltIn">
<arg>${response.status_code} == ${statuscode}</arg>
<doc>Fails if the given condition is not true.</doc>
<msg timestamp="20221019 16:58:48.869" level="FAIL">'200 == 204' should be true.</msg>
<status status="FAIL" starttime="20221019 16:58:48.866" endtime="20221019 16:58:48.869"/>
</kw>
<kw name="Log To Console" library="BuiltIn">
<arg>Status Code: ${response.status_code}\n</arg>
<doc>Logs the given message to the console.</doc>
<status status="NOT RUN" starttime="20221019 16:58:48.870" endtime="20221019 16:58:48.870"/>
</kw>
<status status="FAIL" starttime="20221019 16:58:48.866" endtime="20221019 16:58:48.870"/>
</kw>
<tag>DELETE204</tag>
<status status="FAIL" starttime="20221019 16:58:48.371" endtime="20221019 16:58:48.871">'200 == 204' should be true.</status>
</test>
<test id="s1-t38" name="Cenary: DELETE Invalid User 404" line="232">
<kw name="DELETE Endpoint /users" library="users_keywords">
<arg>364</arg>
<kw name="DELETE On Session" library="RequestsLibrary">
<var>${response}</var>
<arg>fakestore</arg>
<arg>url=/users/${id}</arg>
<arg>expected_status=any</arg>
<doc>Sends a DELETE request on a previously created HTTP Session.</doc>
<msg timestamp="20221019 16:58:49.365" level="INFO">DELETE Request : url=https://fakestoreapi.com/users/364 
 path_url=/users/364 
 headers={'User-Agent': 'python-requests/2.28.1', 'Accept-Encoding': 'gzip, deflate', 'Accept': '*/*', 'Connection': 'keep-alive', 'Content-Length': '0'} 
 body=None 
 </msg>
<msg timestamp="20221019 16:58:49.365" level="INFO">DELETE Response : url=https://fakestoreapi.com/users/364 
 status=200, reason=OK 
 headers={'Date': 'Wed, 19 Oct 2022 19:58:49 GMT', 'Content-Type': 'application/json; charset=utf-8', 'Content-Length': '4', 'Connection': 'keep-alive', 'Access-Control-Allow-Origin': '*', 'Etag': 'W/"4-K+iMpCQsduglOsYkdIUQZQMtaDM"', 'X-Powered-By': 'Express', 'CF-Cache-Status': 'DYNAMIC', 'Report-To': '{"endpoints":[{"url":"https:\\/\\/a.nel.cloudflare.com\\/report\\/v3?s=%2BuZaAxgRstIXzJSp%2BE7eerJPpY2DwjM1rxhzlm7xFG5uEoNboNdKV2Pm11zzHa%2BbsrL%2BEEbuGcpOmkRE0W5gYwdXql9TpTfM%2BMbD4aad3Rjrk0Vj5omeWAC2e%2BVgqnpDAs6e"}],"group":"cf-nel","max_age":604800}', 'NEL': '{"success_fraction":0,"report_to":"cf-nel","max_age":604800}', 'Server': 'cloudflare', 'CF-RAY': '75cc1733fc38a4e1-GRU', 'alt-svc': 'h3=":443"; ma=86400, h3-29=":443"; ma=86400'} 
 body=null 
 </msg>
<msg timestamp="20221019 16:58:49.366" level="INFO">${response} = &lt;Response [200]&gt;</msg>
<status status="PASS" starttime="20221019 16:58:48.875" endtime="20221019 16:58:49.366"/>
</kw>
<kw name="Set Global Variable" library="BuiltIn">
<arg>${response}</arg>
<doc>Makes a variable available globally in all tests and suites.</doc>
<msg timestamp="20221019 16:58:49.367" level="INFO">${response} = &lt;Response [200]&gt;</msg>
<status status="PASS" starttime="20221019 16:58:49.366" endtime="20221019 16:58:49.367"/>
</kw>
<status status="PASS" starttime="20221019 16:58:48.873" endtime="20221019 16:58:49.367"/>
</kw>
<kw name="Validate Status Code &quot;404&quot;" library="common" sourcename="Validate Status Code &quot;${statuscode}&quot;">
<kw name="Should Be True" library="BuiltIn">
<arg>${response.status_code} == ${statuscode}</arg>
<doc>Fails if the given condition is not true.</doc>
<msg timestamp="20221019 16:58:49.372" level="FAIL">'200 == 404' should be true.</msg>
<status status="FAIL" starttime="20221019 16:58:49.369" endtime="20221019 16:58:49.372"/>
</kw>
<kw name="Log To Console" library="BuiltIn">
<arg>Status Code: ${response.status_code}\n</arg>
<doc>Logs the given message to the console.</doc>
<status status="NOT RUN" starttime="20221019 16:58:49.373" endtime="20221019 16:58:49.373"/>
</kw>
<status status="FAIL" starttime="20221019 16:58:49.369" endtime="20221019 16:58:49.374"/>
</kw>
<tag>DELETE404</tag>
<status status="FAIL" starttime="20221019 16:58:48.873" endtime="20221019 16:58:49.376">'200 == 404' should be true.</status>
</test>
<doc>Test Cases file for testing at /users endpoint</doc>
<status status="FAIL" starttime="20221019 16:58:32.952" endtime="20221019 16:58:49.381"/>
</suite>
<statistics>
<total>
<stat pass="6" fail="32" skip="0">All Tests</stat>
</total>
<tag>
<stat pass="0" fail="1" skip="0">DELETE204</stat>
<stat pass="0" fail="1" skip="0">DELETE404</stat>
<stat pass="1" fail="0" skip="0">GET200.1</stat>
<stat pass="1" fail="0" skip="0">GET200.2</stat>
<stat pass="1" fail="0" skip="0">GET200.3</stat>
<stat pass="1" fail="0" skip="0">GET200.4</stat>
<stat pass="0" fail="1" skip="0">GET404.1</stat>
<stat pass="0" fail="2" skip="0">GET404.2</stat>
<stat pass="1" fail="0" skip="0">PATCH200</stat>
<stat pass="0" fail="1" skip="0">PATCH201</stat>
<stat pass="0" fail="1" skip="0">PATCH400.1</stat>
<stat pass="0" fail="1" skip="0">PATCH400.2</stat>
<stat pass="0" fail="1" skip="0">PATCH400.3</stat>
<stat pass="0" fail="1" skip="0">PATCH400.5</stat>
<stat pass="0" fail="1" skip="0">PATCH400.6</stat>
<stat pass="0" fail="1" skip="0">PATCH400.7</stat>
<stat pass="0" fail="1" skip="0">PATCH400.8</stat>
<stat pass="0" fail="1" skip="0">POST201</stat>
<stat pass="0" fail="1" skip="0">POST400.1</stat>
<stat pass="0" fail="1" skip="0">POST400.2</stat>
<stat pass="0" fail="1" skip="0">POST400.3</stat>
<stat pass="0" fail="3" skip="0">POST400.4</stat>
<stat pass="0" fail="1" skip="0">POST400.5</stat>
<stat pass="0" fail="1" skip="0">POST400.6</stat>
<stat pass="0" fail="1" skip="0">POST400.7</stat>
<stat pass="0" fail="1" skip="0">POST400.8</stat>
<stat pass="1" fail="0" skip="0">PUT200</stat>
<stat pass="0" fail="1" skip="0">PUT201</stat>
<stat pass="0" fail="1" skip="0">PUT400.1</stat>
<stat pass="0" fail="1" skip="0">PUT400.2</stat>
<stat pass="0" fail="1" skip="0">PUT400.3</stat>
<stat pass="0" fail="1" skip="0">PUT400.5</stat>
<stat pass="0" fail="1" skip="0">PUT400.6</stat>
<stat pass="0" fail="1" skip="0">PUT400.7</stat>
<stat pass="0" fail="1" skip="0">PUT400.8</stat>
</tag>
<suite>
<stat pass="6" fail="32" skip="0" id="s1" name="Users Tests">Users Tests</stat>
</suite>
</statistics>
<errors>
</errors>
</robot>
