<?xml version="1.0" encoding="UTF-8"?>
<robot generator="Robot 5.0.1 (Python 3.8.2 on win32)" generated="20221018 14:39:47.975" rpa="false" schemaversion="3">
<suite id="s1" name="Carts Tests" source="C:\Users\paula.jardim\Testes_FakeStoreAPI\tests\carts_tests.robot">
<kw name="Initialize Session" library="base" type="SETUP">
<kw name="Create Session" library="RequestsLibrary">
<arg>fakestore</arg>
<arg>${BASE_URI}</arg>
<doc>Create Session: create a HTTP session to a server</doc>
<msg timestamp="20221018 14:39:48.084" level="INFO">Creating Session using : alias=fakestore, url=https://fakestoreapi.com, headers={},                     cookies={}, auth=None, timeout=None, proxies=None, verify=False,                     debug=0 </msg>
<status status="PASS" starttime="20221018 14:39:48.084" endtime="20221018 14:39:48.084"/>
</kw>
<status status="PASS" starttime="20221018 14:39:48.084" endtime="20221018 14:39:48.085"/>
</kw>
<test id="s1-t1" name="Cenary: GET All Carts Created On a Given Date 200" line="43">
<kw name="GET Cart By Date" library="carts_keywords">
<arg>2020-02-01</arg>
<arg>2020-01-03</arg>
<kw name="GET On Session" library="RequestsLibrary">
<var>${response}</var>
<arg>fakestore</arg>
<arg>url=/carts/startdate=${start}&amp;enddate=${end}</arg>
<doc>Sends a GET request on a previously created HTTP Session.</doc>
<msg timestamp="20221018 14:39:48.796" level="INFO">GET Request : url=https://fakestoreapi.com/carts/startdate=2020-02-01&amp;enddate=2020-01-03 
 path_url=/carts/startdate=2020-02-01&amp;enddate=2020-01-03 
 headers={'User-Agent': 'python-requests/2.28.1', 'Accept-Encoding': 'gzip, deflate', 'Accept': '*/*', 'Connection': 'keep-alive'} 
 body=None 
 </msg>
<msg timestamp="20221018 14:39:48.796" level="INFO">GET Response : url=https://fakestoreapi.com/carts/startdate=2020-02-01&amp;enddate=2020-01-03 
 status=400, reason=Bad Request 
 headers={'Date': 'Tue, 18 Oct 2022 17:39:49 GMT', 'Content-Type': 'application/json; charset=utf-8', 'Content-Length': '57', 'Connection': 'keep-alive', 'Access-Control-Allow-Origin': '*', 'Etag': 'W/"39-eWJKekXEKg16Sl+SzKMPamaRzT0"', 'X-Powered-By': 'Express', 'CF-Cache-Status': 'DYNAMIC', 'Report-To': '{"endpoints":[{"url":"https:\\/\\/a.nel.cloudflare.com\\/report\\/v3?s=OJydWtlDjGi73N2nouLz3zZAik9idk6DJoe7ODZnkeSTIDa1F%2FJo1fLd66ry78nYBDT05aGdLp8F5xL0vFIoEV%2B6AZQsQS0vt%2FaDJ90tviZD6yBtdMUvUSa7Ihj1rI1xWoMX"}],"group":"cf-nel","max_age":604800}', 'NEL': '{"success_fraction":0,"report_to":"cf-nel","max_age":604800}', 'Server': 'cloudflare', 'CF-RAY': '75c30e372e38a508-GRU', 'alt-svc': 'h3=":443"; ma=86400, h3-29=":443"; ma=86400'} 
 body={"status":"error","message":"cart id should be provided"} 
 </msg>
<msg timestamp="20221018 14:39:48.797" level="FAIL">HTTPError: 400 Client Error: Bad Request for url: https://fakestoreapi.com/carts/startdate=2020-02-01&amp;enddate=2020-01-03</msg>
<status status="FAIL" starttime="20221018 14:39:48.086" endtime="20221018 14:39:48.801"/>
</kw>
<status status="FAIL" starttime="20221018 14:39:48.085" endtime="20221018 14:39:48.802"/>
</kw>
<kw name="Validate Status Code &quot;200&quot;" library="common" sourcename="Validate Status Code &quot;${statuscode}&quot;">
<status status="NOT RUN" starttime="20221018 14:39:48.802" endtime="20221018 14:39:48.802"/>
</kw>
<tag>GET200.5</tag>
<status status="FAIL" starttime="20221018 14:39:48.085" endtime="20221018 14:39:48.803">HTTPError: 400 Client Error: Bad Request for url: https://fakestoreapi.com/carts/startdate=2020-02-01&amp;enddate=2020-01-03</status>
</test>
<doc>Test Cases file for testing at /carts endpoint</doc>
<status status="FAIL" starttime="20221018 14:39:47.977" endtime="20221018 14:39:48.805"/>
</suite>
<statistics>
<total>
<stat pass="0" fail="1" skip="0">All Tests</stat>
</total>
<tag>
<stat pass="0" fail="1" skip="0">GET200.5</stat>
</tag>
<suite>
<stat pass="0" fail="1" skip="0" id="s1" name="Carts Tests">Carts Tests</stat>
</suite>
</statistics>
<errors>
</errors>
</robot>
